Flow report for Pract2
Tue Feb 05 12:43:59 2019
Quartus II 64-Bit Version 13.0.1 Build 232 06/12/2013 Service Pack 1 SJ Web Edition


---------------------
; Table of Contents ;
---------------------
  1. Legal Notice
  2. Flow Summary
  3. Flow Settings
  4. Flow Non-Default Global Settings
  5. Flow Elapsed Time
  6. Flow OS Summary
  7. Flow Log
  8. Flow Messages
  9. Flow Suppressed Messages



----------------
; Legal Notice ;
----------------
Copyright (C) 1991-2013 Altera Corporation
Your use of Altera Corporation's design tools, logic functions 
and other software and tools, and its AMPP partner logic 
functions, and any output files from any of the foregoing 
(including device programming or simulation files), and any 
associated documentation or information are expressly subject 
to the terms and conditions of the Altera Program License 
Subscription Agreement, Altera MegaCore Function License 
Agreement, or other applicable license agreement, including, 
without limitation, that your use is for the sole purpose of 
programming logic devices manufactured by Altera and sold by 
Altera or its authorized distributors.  Please refer to the 
applicable agreement for further details.



+--------------------------------------------------------------------------------------+
; Flow Summary                                                                         ;
+------------------------------------+-------------------------------------------------+
; Flow Status                        ; Successful - Tue Feb 05 12:43:59 2019           ;
; Quartus II 64-Bit Version          ; 13.0.1 Build 232 06/12/2013 SP 1 SJ Web Edition ;
; Revision Name                      ; Pract2                                          ;
; Top-level Entity Name              ; RS232                                           ;
; Family                             ; Cyclone II                                      ;
; Device                             ; EP2C20F484C7                                    ;
; Timing Models                      ; Final                                           ;
; Total logic elements               ; 62 / 18,752 ( < 1 % )                           ;
;     Total combinational functions  ; 62 / 18,752 ( < 1 % )                           ;
;     Dedicated logic registers      ; 32 / 18,752 ( < 1 % )                           ;
; Total registers                    ; 32                                              ;
; Total pins                         ; 12 / 315 ( 4 % )                                ;
; Total virtual pins                 ; 0                                               ;
; Total memory bits                  ; 0 / 239,616 ( 0 % )                             ;
; Embedded Multiplier 9-bit elements ; 0 / 52 ( 0 % )                                  ;
; Total PLLs                         ; 0 / 4 ( 0 % )                                   ;
+------------------------------------+-------------------------------------------------+


+-----------------------------------------+
; Flow Settings                           ;
+-------------------+---------------------+
; Option            ; Setting             ;
+-------------------+---------------------+
; Start date & time ; 02/05/2019 12:43:47 ;
; Main task         ; Compilation         ;
; Revision Name     ; Pract2              ;
+-------------------+---------------------+


+--------------------------------------------------------------------------------------------------------------------------------+
; Flow Non-Default Global Settings                                                                                               ;
+--------------------------------------+---------------------------------------+---------------+-------------+-------------------+
; Assignment Name                      ; Value                                 ; Default Value ; Entity Name ; Section Id        ;
+--------------------------------------+---------------------------------------+---------------+-------------+-------------------+
; COMPILER_SIGNATURE_ID                ; 57606939036574.154936702710196        ; --            ; --          ; --                ;
; EDA_DESIGN_INSTANCE_NAME             ; i1                                    ; --            ; --          ; RS232             ;
; EDA_DESIGN_INSTANCE_NAME             ; i1                                    ; --            ; --          ; RegParSer_vhd_tst ;
; EDA_NATIVELINK_SIMULATION_TEST_BENCH ; RegParSer_vhd_tst                     ; --            ; --          ; eda_simulation    ;
; EDA_OUTPUT_DATA_FORMAT               ; Vhdl                                  ; --            ; --          ; eda_simulation    ;
; EDA_SIMULATION_TOOL                  ; ModelSim-Altera (VHDL)                ; <None>        ; --          ; --                ;
; EDA_TEST_BENCH_ENABLE_STATUS         ; TEST_BENCH_MODE                       ; --            ; --          ; eda_simulation    ;
; EDA_TEST_BENCH_FILE                  ; simulation/modelsim/RS232.vht         ; --            ; --          ; RS232             ;
; EDA_TEST_BENCH_FILE                  ; simulation/modelsim/RegParSer.vht     ; --            ; --          ; RegParSer_vhd_tst ;
; EDA_TEST_BENCH_MODULE_NAME           ; RS232_vhd_tst                         ; --            ; --          ; RS232             ;
; EDA_TEST_BENCH_MODULE_NAME           ; RegParSer_vhd_tst                     ; --            ; --          ; RegParSer_vhd_tst ;
; EDA_TEST_BENCH_NAME                  ; RS232                                 ; --            ; --          ; eda_simulation    ;
; EDA_TEST_BENCH_NAME                  ; RegParSer_vhd_tst                     ; --            ; --          ; eda_simulation    ;
; MAX_CORE_JUNCTION_TEMP               ; 85                                    ; --            ; --          ; --                ;
; MIN_CORE_JUNCTION_TEMP               ; 0                                     ; --            ; --          ; --                ;
; PARTITION_COLOR                      ; 16764057                              ; --            ; RS232       ; Top               ;
; PARTITION_FITTER_PRESERVATION_LEVEL  ; PLACEMENT_AND_ROUTING                 ; --            ; RS232       ; Top               ;
; PARTITION_NETLIST_TYPE               ; SOURCE                                ; --            ; RS232       ; Top               ;
; POWER_BOARD_THERMAL_MODEL            ; None (CONSERVATIVE)                   ; --            ; --          ; --                ;
; POWER_PRESET_COOLING_SOLUTION        ; 23 MM HEAT SINK WITH 200 LFPM AIRFLOW ; --            ; --          ; --                ;
; PROJECT_OUTPUT_DIRECTORY             ; output_files                          ; --            ; --          ; --                ;
; TOP_LEVEL_ENTITY                     ; RS232                                 ; Pract2        ; --          ; --                ;
+--------------------------------------+---------------------------------------+---------------+-------------+-------------------+


+-------------------------------------------------------------------------------------------------------------------------------+
; Flow Elapsed Time                                                                                                             ;
+---------------------------+--------------+-------------------------+---------------------+------------------------------------+
; Module Name               ; Elapsed Time ; Average Processors Used ; Peak Virtual Memory ; Total CPU Time (on all processors) ;
+---------------------------+--------------+-------------------------+---------------------+------------------------------------+
; Analysis & Synthesis      ; 00:00:01     ; 1.0                     ; 523 MB              ; 00:00:01                           ;
; Fitter                    ; 00:00:04     ; 1.0                     ; 724 MB              ; 00:00:03                           ;
; Assembler                 ; 00:00:01     ; 1.0                     ; 435 MB              ; 00:00:01                           ;
; TimeQuest Timing Analyzer ; 00:00:01     ; 1.0                     ; 429 MB              ; 00:00:01                           ;
; EDA Netlist Writer        ; 00:00:01     ; 1.0                     ; 401 MB              ; 00:00:00                           ;
; Total                     ; 00:00:08     ; --                      ; --                  ; 00:00:06                           ;
+---------------------------+--------------+-------------------------+---------------------+------------------------------------+


+----------------------------------------------------------------------------------------+
; Flow OS Summary                                                                        ;
+---------------------------+------------------+-----------+------------+----------------+
; Module Name               ; Machine Hostname ; OS Name   ; OS Version ; Processor type ;
+---------------------------+------------------+-----------+------------+----------------+
; Analysis & Synthesis      ; AA25LE0P07       ; Windows 7 ; 6.2        ; x86_64         ;
; Fitter                    ; AA25LE0P07       ; Windows 7 ; 6.2        ; x86_64         ;
; Assembler                 ; AA25LE0P07       ; Windows 7 ; 6.2        ; x86_64         ;
; TimeQuest Timing Analyzer ; AA25LE0P07       ; Windows 7 ; 6.2        ; x86_64         ;
; EDA Netlist Writer        ; AA25LE0P07       ; Windows 7 ; 6.2        ; x86_64         ;
+---------------------------+------------------+-----------+------------+----------------+


------------
; Flow Log ;
------------
quartus_map --read_settings_files=on --write_settings_files=off Pract2 -c Pract2
quartus_fit --read_settings_files=off --write_settings_files=off Pract2 -c Pract2
quartus_asm --read_settings_files=off --write_settings_files=off Pract2 -c Pract2
quartus_sta Pract2 -c Pract2
quartus_eda --read_settings_files=off --write_settings_files=off Pract2 -c Pract2



