Flow report for ICAI-RiSC
Tue Apr 23 13:34:03 2019
Quartus II 32-bit Version 13.0.1 Build 232 06/12/2013 Service Pack 1 SJ Web Edition


---------------------
; Table of Contents ;
---------------------
  1. Legal Notice
  2. Flow Summary
  3. Flow Settings
  4. Flow Non-Default Global Settings
  5. Flow Elapsed Time
  6. Flow OS Summary
  7. Flow Log
  8. Flow Messages
  9. Flow Suppressed Messages



----------------
; Legal Notice ;
----------------
Copyright (C) 1991-2013 Altera Corporation
Your use of Altera Corporation's design tools, logic functions 
and other software and tools, and its AMPP partner logic 
functions, and any output files from any of the foregoing 
(including device programming or simulation files), and any 
associated documentation or information are expressly subject 
to the terms and conditions of the Altera Program License 
Subscription Agreement, Altera MegaCore Function License 
Agreement, or other applicable license agreement, including, 
without limitation, that your use is for the sole purpose of 
programming logic devices manufactured by Altera and sold by 
Altera or its authorized distributors.  Please refer to the 
applicable agreement for further details.



+--------------------------------------------------------------------------------------+
; Flow Summary                                                                         ;
+------------------------------------+-------------------------------------------------+
; Flow Status                        ; Successful - Tue Apr 23 13:34:03 2019           ;
; Quartus II 32-bit Version          ; 13.0.1 Build 232 06/12/2013 SP 1 SJ Web Edition ;
; Revision Name                      ; ICAI-RiSC                                       ;
; Top-level Entity Name              ; Risc                                            ;
; Family                             ; Cyclone II                                      ;
; Device                             ; EP2C20F484C7                                    ;
; Timing Models                      ; Final                                           ;
; Total logic elements               ; 556 / 18,752 ( 3 % )                            ;
;     Total combinational functions  ; 435 / 18,752 ( 2 % )                            ;
;     Dedicated logic registers      ; 246 / 18,752 ( 1 % )                            ;
; Total registers                    ; 246                                             ;
; Total pins                         ; 28 / 315 ( 9 % )                                ;
; Total virtual pins                 ; 0                                               ;
; Total memory bits                  ; 2,048 / 239,616 ( < 1 % )                       ;
; Embedded Multiplier 9-bit elements ; 2 / 52 ( 4 % )                                  ;
; Total PLLs                         ; 0 / 4 ( 0 % )                                   ;
+------------------------------------+-------------------------------------------------+


+-----------------------------------------+
; Flow Settings                           ;
+-------------------+---------------------+
; Option            ; Setting             ;
+-------------------+---------------------+
; Start date & time ; 04/23/2019 13:33:27 ;
; Main task         ; Compilation         ;
; Revision Name     ; ICAI-RiSC           ;
+-------------------+---------------------+


+----------------------------------------------------------------------------------------------------------------------------------+
; Flow Non-Default Global Settings                                                                                                 ;
+--------------------------------------+---------------------------------------+---------------+-------------+---------------------+
; Assignment Name                      ; Value                                 ; Default Value ; Entity Name ; Section Id          ;
+--------------------------------------+---------------------------------------+---------------+-------------+---------------------+
; COMPILER_SIGNATURE_ID                ; 167304649843393.155601920717348       ; --            ; --          ; --                  ;
; EDA_DESIGN_INSTANCE_NAME             ; i1                                    ; --            ; --          ; BancoReg_vhd_tst    ;
; EDA_DESIGN_INSTANCE_NAME             ; i1                                    ; --            ; --          ; RegParPar16_vhd_tst ;
; EDA_DESIGN_INSTANCE_NAME             ; i1                                    ; --            ; --          ; Risk_vhd_tst        ;
; EDA_DESIGN_INSTANCE_NAME             ; i1                                    ; --            ; --          ; RAM_vhd_tst         ;
; EDA_DESIGN_INSTANCE_NAME             ; i1                                    ; --            ; --          ; Risc_vhd_tst        ;
; EDA_NATIVELINK_SIMULATION_TEST_BENCH ; Risc_vhd_tst                          ; --            ; --          ; eda_simulation      ;
; EDA_OUTPUT_DATA_FORMAT               ; Vhdl                                  ; --            ; --          ; eda_simulation      ;
; EDA_SIMULATION_TOOL                  ; ModelSim-Altera (VHDL)                ; <None>        ; --          ; --                  ;
; EDA_TEST_BENCH_ENABLE_STATUS         ; TEST_BENCH_MODE                       ; --            ; --          ; eda_simulation      ;
; EDA_TEST_BENCH_FILE                  ; simulation/modelsim/BancoReg.vht      ; --            ; --          ; BancoReg_vhd_tst    ;
; EDA_TEST_BENCH_FILE                  ; simulation/modelsim/RegParPar16.vht   ; --            ; --          ; RegParPar16_vhd_tst ;
; EDA_TEST_BENCH_FILE                  ; simulation/modelsim/Risk.vht          ; --            ; --          ; Risk_vhd_tst        ;
; EDA_TEST_BENCH_FILE                  ; simulation/modelsim/RAM.vht           ; --            ; --          ; RAM_vhd_tst         ;
; EDA_TEST_BENCH_FILE                  ; simulation/modelsim/Risc.vht          ; --            ; --          ; Risc_vhd_tst        ;
; EDA_TEST_BENCH_MODULE_NAME           ; BancoReg_vhd_tst                      ; --            ; --          ; BancoReg_vhd_tst    ;
; EDA_TEST_BENCH_MODULE_NAME           ; RegParPar16_vhd_tst                   ; --            ; --          ; RegParPar16_vhd_tst ;
; EDA_TEST_BENCH_MODULE_NAME           ; Risk_vhd_tst                          ; --            ; --          ; Risk_vhd_tst        ;
; EDA_TEST_BENCH_MODULE_NAME           ; RAM_vhd_tst                           ; --            ; --          ; RAM_vhd_tst         ;
; EDA_TEST_BENCH_MODULE_NAME           ; Risc_vhd_tst                          ; --            ; --          ; Risc_vhd_tst        ;
; EDA_TEST_BENCH_NAME                  ; BancoReg_vhd_tst                      ; --            ; --          ; eda_simulation      ;
; EDA_TEST_BENCH_NAME                  ; RegParPar16_vhd_tst                   ; --            ; --          ; eda_simulation      ;
; EDA_TEST_BENCH_NAME                  ; Risk_vhd_tst                          ; --            ; --          ; eda_simulation      ;
; EDA_TEST_BENCH_NAME                  ; RAM_vhd_tst                           ; --            ; --          ; eda_simulation      ;
; EDA_TEST_BENCH_NAME                  ; Risc_vhd_tst                          ; --            ; --          ; eda_simulation      ;
; MAX_CORE_JUNCTION_TEMP               ; 85                                    ; --            ; --          ; --                  ;
; MIN_CORE_JUNCTION_TEMP               ; 0                                     ; --            ; --          ; --                  ;
; PARTITION_COLOR                      ; 16764057                              ; --            ; Risc        ; Top                 ;
; PARTITION_FITTER_PRESERVATION_LEVEL  ; PLACEMENT_AND_ROUTING                 ; --            ; Risc        ; Top                 ;
; PARTITION_NETLIST_TYPE               ; SOURCE                                ; --            ; Risc        ; Top                 ;
; POWER_BOARD_THERMAL_MODEL            ; None (CONSERVATIVE)                   ; --            ; --          ; --                  ;
; POWER_PRESET_COOLING_SOLUTION        ; 23 MM HEAT SINK WITH 200 LFPM AIRFLOW ; --            ; --          ; --                  ;
; PROJECT_OUTPUT_DIRECTORY             ; output_files                          ; --            ; --          ; --                  ;
; TOP_LEVEL_ENTITY                     ; Risc                                  ; ICAI-RiSC     ; --          ; --                  ;
+--------------------------------------+---------------------------------------+---------------+-------------+---------------------+


+-------------------------------------------------------------------------------------------------------------------------------+
; Flow Elapsed Time                                                                                                             ;
+---------------------------+--------------+-------------------------+---------------------+------------------------------------+
; Module Name               ; Elapsed Time ; Average Processors Used ; Peak Virtual Memory ; Total CPU Time (on all processors) ;
+---------------------------+--------------+-------------------------+---------------------+------------------------------------+
; Analysis & Synthesis      ; 00:00:09     ; 1.0                     ; 414 MB              ; 00:00:06                           ;
; Fitter                    ; 00:00:13     ; 1.0                     ; 480 MB              ; 00:00:09                           ;
; Assembler                 ; 00:00:03     ; 1.0                     ; 375 MB              ; 00:00:02                           ;
; TimeQuest Timing Analyzer ; 00:00:02     ; 1.0                     ; 343 MB              ; 00:00:02                           ;
; EDA Netlist Writer        ; 00:00:02     ; 1.0                     ; 330 MB              ; 00:00:01                           ;
; Total                     ; 00:00:29     ; --                      ; --                  ; 00:00:20                           ;
+---------------------------+--------------+-------------------------+---------------------+------------------------------------+


+----------------------------------------------------------------------------------------+
; Flow OS Summary                                                                        ;
+---------------------------+------------------+-----------+------------+----------------+
; Module Name               ; Machine Hostname ; OS Name   ; OS Version ; Processor type ;
+---------------------------+------------------+-----------+------------+----------------+
; Analysis & Synthesis      ; DESKTOP-NQM70V9  ; Windows 7 ; 6.2        ; x86_64         ;
; Fitter                    ; DESKTOP-NQM70V9  ; Windows 7 ; 6.2        ; x86_64         ;
; Assembler                 ; DESKTOP-NQM70V9  ; Windows 7 ; 6.2        ; x86_64         ;
; TimeQuest Timing Analyzer ; DESKTOP-NQM70V9  ; Windows 7 ; 6.2        ; x86_64         ;
; EDA Netlist Writer        ; DESKTOP-NQM70V9  ; Windows 7 ; 6.2        ; x86_64         ;
+---------------------------+------------------+-----------+------------+----------------+


------------
; Flow Log ;
------------
quartus_map --read_settings_files=on --write_settings_files=off ICAI-RiSC -c ICAI-RiSC
quartus_fit --read_settings_files=off --write_settings_files=off ICAI-RiSC -c ICAI-RiSC
quartus_asm --read_settings_files=off --write_settings_files=off ICAI-RiSC -c ICAI-RiSC
quartus_sta ICAI-RiSC -c ICAI-RiSC
quartus_eda --read_settings_files=off --write_settings_files=off ICAI-RiSC -c ICAI-RiSC



