Analysis & Synthesis report for ICAI-RiSC
Tue Apr 23 13:33:37 2019
Quartus II 32-bit Version 13.0.1 Build 232 06/12/2013 Service Pack 1 SJ Web Edition


---------------------
; Table of Contents ;
---------------------
  1. Legal Notice
  2. Analysis & Synthesis Summary
  3. Analysis & Synthesis Settings
  4. Parallel Compilation
  5. Analysis & Synthesis Source Files Read
  6. Analysis & Synthesis Resource Usage Summary
  7. Analysis & Synthesis Resource Utilization by Entity
  8. Analysis & Synthesis RAM Summary
  9. Analysis & Synthesis DSP Block Usage Summary
 10. State Machine - |Risc|estado_act
 11. Registers Removed During Synthesis
 12. General Register Statistics
 13. Registers Packed Into Inferred Megafunctions
 14. Registers Added for RAM Pass-Through Logic
 15. Multiplexer Restructuring Statistics (Restructuring Performed)
 16. Source assignments for ROM:i_ROM|altsyncram:memoria_rtl_0|altsyncram_4471:auto_generated
 17. Source assignments for RAM:i_RAM|altsyncram:ram_block_rtl_0|altsyncram_j7i1:auto_generated
 18. Parameter Settings for User Entity Instance: ALU:i_ALU
 19. Parameter Settings for User Entity Instance: ALU:i_ALU|SumadorRestador16Bits:i1
 20. Parameter Settings for User Entity Instance: ALU:i_ALU|Multi16Sin:i2
 21. Parameter Settings for User Entity Instance: ALU:i_ALU|Multi16Con:i3
 22. Parameter Settings for User Entity Instance: ALU:i_ALU|nand_op:i4
 23. Parameter Settings for Inferred Entity Instance: ROM:i_ROM|altsyncram:memoria_rtl_0
 24. Parameter Settings for Inferred Entity Instance: RAM:i_RAM|altsyncram:ram_block_rtl_0
 25. Parameter Settings for Inferred Entity Instance: ALU:i_ALU|Multi16Con:i3|lpm_mult:Mult0
 26. altsyncram Parameter Settings by Entity Instance
 27. lpm_mult Parameter Settings by Entity Instance
 28. Port Connectivity Checks: "Mux2a16:i_Mux_Peri"
 29. Port Connectivity Checks: "ALU:i_ALU"
 30. Port Connectivity Checks: "Mux4a16:i_Mux_B"
 31. Port Connectivity Checks: "Mux4a16:i_Mux_A"
 32. Port Connectivity Checks: "BancoReg:i_BancoReg|RegParPar16:Registro_r0"
 33. Port Connectivity Checks: "Mux4a16:i_Mux_Banco"
 34. Port Connectivity Checks: "Mux4a3:i_Mux_IR"
 35. Port Connectivity Checks: "Mux4a16:i_Mux_PC"
 36. Elapsed Time Per Partition
 37. Analysis & Synthesis Messages



----------------
; Legal Notice ;
----------------
Copyright (C) 1991-2013 Altera Corporation
Your use of Altera Corporation's design tools, logic functions 
and other software and tools, and its AMPP partner logic 
functions, and any output files from any of the foregoing 
(including device programming or simulation files), and any 
associated documentation or information are expressly subject 
to the terms and conditions of the Altera Program License 
Subscription Agreement, Altera MegaCore Function License 
Agreement, or other applicable license agreement, including, 
without limitation, that your use is for the sole purpose of 
programming logic devices manufactured by Altera and sold by 
Altera or its authorized distributors.  Please refer to the 
applicable agreement for further details.



+--------------------------------------------------------------------------------------+
; Analysis & Synthesis Summary                                                         ;
+------------------------------------+-------------------------------------------------+
; Analysis & Synthesis Status        ; Successful - Tue Apr 23 13:33:37 2019           ;
; Quartus II 32-bit Version          ; 13.0.1 Build 232 06/12/2013 SP 1 SJ Web Edition ;
; Revision Name                      ; ICAI-RiSC                                       ;
; Top-level Entity Name              ; Risc                                            ;
; Family                             ; Cyclone II                                      ;
; Total logic elements               ; 587                                             ;
;     Total combinational functions  ; 432                                             ;
;     Dedicated logic registers      ; 246                                             ;
; Total registers                    ; 246                                             ;
; Total pins                         ; 28                                              ;
; Total virtual pins                 ; 0                                               ;
; Total memory bits                  ; 2,048                                           ;
; Embedded Multiplier 9-bit elements ; 2                                               ;
; Total PLLs                         ; 0                                               ;
+------------------------------------+-------------------------------------------------+


+----------------------------------------------------------------------------------------------------------------------+
; Analysis & Synthesis Settings                                                                                        ;
+----------------------------------------------------------------------------+--------------------+--------------------+
; Option                                                                     ; Setting            ; Default Value      ;
+----------------------------------------------------------------------------+--------------------+--------------------+
; Device                                                                     ; EP2C20F484C7       ;                    ;
; Top-level entity name                                                      ; Risc               ; ICAI-RiSC          ;
; Family name                                                                ; Cyclone II         ; Cyclone IV GX      ;
; Use smart compilation                                                      ; Off                ; Off                ;
; Enable parallel Assembler and TimeQuest Timing Analyzer during compilation ; On                 ; On                 ;
; Enable compact report table                                                ; Off                ; Off                ;
; Restructure Multiplexers                                                   ; Auto               ; Auto               ;
; Create Debugging Nodes for IP Cores                                        ; Off                ; Off                ;
; Preserve fewer node names                                                  ; On                 ; On                 ;
; Disable OpenCore Plus hardware evaluation                                  ; Off                ; Off                ;
; Verilog Version                                                            ; Verilog_2001       ; Verilog_2001       ;
; VHDL Version                                                               ; VHDL_1993          ; VHDL_1993          ;
; State Machine Processing                                                   ; Auto               ; Auto               ;
; Safe State Machine                                                         ; Off                ; Off                ;
; Extract Verilog State Machines                                             ; On                 ; On                 ;
; Extract VHDL State Machines                                                ; On                 ; On                 ;
; Ignore Verilog initial constructs                                          ; Off                ; Off                ;
; Iteration limit for constant Verilog loops                                 ; 5000               ; 5000               ;
; Iteration limit for non-constant Verilog loops                             ; 250                ; 250                ;
; Add Pass-Through Logic to Inferred RAMs                                    ; On                 ; On                 ;
; Infer RAMs from Raw Logic                                                  ; On                 ; On                 ;
; Parallel Synthesis                                                         ; On                 ; On                 ;
; DSP Block Balancing                                                        ; Auto               ; Auto               ;
; NOT Gate Push-Back                                                         ; On                 ; On                 ;
; Power-Up Don't Care                                                        ; On                 ; On                 ;
; Remove Redundant Logic Cells                                               ; Off                ; Off                ;
; Remove Duplicate Registers                                                 ; On                 ; On                 ;
; Ignore CARRY Buffers                                                       ; Off                ; Off                ;
; Ignore CASCADE Buffers                                                     ; Off                ; Off                ;
; Ignore GLOBAL Buffers                                                      ; Off                ; Off                ;
; Ignore ROW GLOBAL Buffers                                                  ; Off                ; Off                ;
; Ignore LCELL Buffers                                                       ; Off                ; Off                ;
; Ignore SOFT Buffers                                                        ; On                 ; On                 ;
; Limit AHDL Integers to 32 Bits                                             ; Off                ; Off                ;
; Optimization Technique                                                     ; Balanced           ; Balanced           ;
; Carry Chain Length                                                         ; 70                 ; 70                 ;
; Auto Carry Chains                                                          ; On                 ; On                 ;
; Auto Open-Drain Pins                                                       ; On                 ; On                 ;
; Perform WYSIWYG Primitive Resynthesis                                      ; Off                ; Off                ;
; Auto ROM Replacement                                                       ; On                 ; On                 ;
; Auto RAM Replacement                                                       ; On                 ; On                 ;
; Auto Shift Register Replacement                                            ; Auto               ; Auto               ;
; Allow Shift Register Merging across Hierarchies                            ; Auto               ; Auto               ;
; Auto Clock Enable Replacement                                              ; On                 ; On                 ;
; Strict RAM Replacement                                                     ; Off                ; Off                ;
; Allow Synchronous Control Signals                                          ; On                 ; On                 ;
; Force Use of Synchronous Clear Signals                                     ; Off                ; Off                ;
; Auto RAM to Logic Cell Conversion                                          ; Off                ; Off                ;
; Auto Resource Sharing                                                      ; Off                ; Off                ;
; Allow Any RAM Size For Recognition                                         ; Off                ; Off                ;
; Allow Any ROM Size For Recognition                                         ; Off                ; Off                ;
; Allow Any Shift Register Size For Recognition                              ; Off                ; Off                ;
; Use LogicLock Constraints during Resource Balancing                        ; On                 ; On                 ;
; Ignore translate_off and synthesis_off directives                          ; Off                ; Off                ;
; Timing-Driven Synthesis                                                    ; Off                ; Off                ;
; Report Parameter Settings                                                  ; On                 ; On                 ;
; Report Source Assignments                                                  ; On                 ; On                 ;
; Report Connectivity Checks                                                 ; On                 ; On                 ;
; Ignore Maximum Fan-Out Assignments                                         ; Off                ; Off                ;
; Synchronization Register Chain Length                                      ; 2                  ; 2                  ;
; PowerPlay Power Optimization                                               ; Normal compilation ; Normal compilation ;
; HDL message level                                                          ; Level2             ; Level2             ;
; Suppress Register Optimization Related Messages                            ; Off                ; Off                ;
; Number of Removed Registers Reported in Synthesis Report                   ; 5000               ; 5000               ;
; Number of Swept Nodes Reported in Synthesis Report                         ; 5000               ; 5000               ;
; Number of Inverted Registers Reported in Synthesis Report                  ; 100                ; 100                ;
; Clock MUX Protection                                                       ; On                 ; On                 ;
; Auto Gated Clock Conversion                                                ; Off                ; Off                ;
; Block Design Naming                                                        ; Auto               ; Auto               ;
; SDC constraint protection                                                  ; Off                ; Off                ;
; Synthesis Effort                                                           ; Auto               ; Auto               ;
; Shift Register Replacement - Allow Asynchronous Clear Signal               ; On                 ; On                 ;
; Pre-Mapping Resynthesis Optimization                                       ; Off                ; Off                ;
; Analysis & Synthesis Message Level                                         ; Medium             ; Medium             ;
; Disable Register Merging Across Hierarchies                                ; Auto               ; Auto               ;
; Resource Aware Inference For Block RAM                                     ; On                 ; On                 ;
; Synthesis Seed                                                             ; 1                  ; 1                  ;
+----------------------------------------------------------------------------+--------------------+--------------------+


Parallel compilation was disabled, but you have multiple processors available. Enable parallel compilation to reduce compilation time.
+-------------------------------------+
; Parallel Compilation                ;
+----------------------------+--------+
; Processors                 ; Number ;
+----------------------------+--------+
; Number detected on machine ; 4      ;
; Maximum allowed            ; 1      ;
+----------------------------+--------+


+----------------------------------------------------------------------------------------------------------------------------------------------------------------------------------------------------------------------------------------------------------------------------------+
; Analysis & Synthesis Source Files Read                                                                                                                                                                                                                                           ;
+-------------------------------------+-----------------+-------------------------------------------------------+--------------------------------------------------------------------------------------------------------------------------------------------------------+---------+
; File Name with User-Entered Path    ; Used in Netlist ; File Type                                             ; File Name with Absolute Path                                                                                                                           ; Library ;
+-------------------------------------+-----------------+-------------------------------------------------------+--------------------------------------------------------------------------------------------------------------------------------------------------------+---------+
; Risc.vhd                            ; yes             ; User VHDL File                                        ; C:/Users/oleob/OneDrive - Universidad Pontificia Comillas/ICAI_2GITT/Sistemas_Digitales_2/ICAI-RiSC-16-Perifericos/Risc.vhd                            ;         ;
; ROM.vhd                             ; yes             ; User VHDL File                                        ; C:/Users/oleob/OneDrive - Universidad Pontificia Comillas/ICAI_2GITT/Sistemas_Digitales_2/ICAI-RiSC-16-Perifericos/ROM.vhd                             ;         ;
; SumadorRestador16Bits.vhd           ; yes             ; User VHDL File                                        ; C:/Users/oleob/OneDrive - Universidad Pontificia Comillas/ICAI_2GITT/Sistemas_Digitales_2/ICAI-RiSC-16-Perifericos/SumadorRestador16Bits.vhd           ;         ;
; Sumador1Bit.vhd                     ; yes             ; User VHDL File                                        ; C:/Users/oleob/OneDrive - Universidad Pontificia Comillas/ICAI_2GITT/Sistemas_Digitales_2/ICAI-RiSC-16-Perifericos/Sumador1Bit.vhd                     ;         ;
; nand_op.vhd                         ; yes             ; User VHDL File                                        ; C:/Users/oleob/OneDrive - Universidad Pontificia Comillas/ICAI_2GITT/Sistemas_Digitales_2/ICAI-RiSC-16-Perifericos/nand_op.vhd                         ;         ;
; Multi16Sin.vhd                      ; yes             ; User VHDL File                                        ; C:/Users/oleob/OneDrive - Universidad Pontificia Comillas/ICAI_2GITT/Sistemas_Digitales_2/ICAI-RiSC-16-Perifericos/Multi16Sin.vhd                      ;         ;
; Multi16Con.vhd                      ; yes             ; User VHDL File                                        ; C:/Users/oleob/OneDrive - Universidad Pontificia Comillas/ICAI_2GITT/Sistemas_Digitales_2/ICAI-RiSC-16-Perifericos/Multi16Con.vhd                      ;         ;
; ALU.vhd                             ; yes             ; User VHDL File                                        ; C:/Users/oleob/OneDrive - Universidad Pontificia Comillas/ICAI_2GITT/Sistemas_Digitales_2/ICAI-RiSC-16-Perifericos/ALU.vhd                             ;         ;
; RegParPar16.vhd                     ; yes             ; User VHDL File                                        ; C:/Users/oleob/OneDrive - Universidad Pontificia Comillas/ICAI_2GITT/Sistemas_Digitales_2/ICAI-RiSC-16-Perifericos/RegParPar16.vhd                     ;         ;
; BancoReg.vhd                        ; yes             ; User VHDL File                                        ; C:/Users/oleob/OneDrive - Universidad Pontificia Comillas/ICAI_2GITT/Sistemas_Digitales_2/ICAI-RiSC-16-Perifericos/BancoReg.vhd                        ;         ;
; Mux4a16.vhd                         ; yes             ; User VHDL File                                        ; C:/Users/oleob/OneDrive - Universidad Pontificia Comillas/ICAI_2GITT/Sistemas_Digitales_2/ICAI-RiSC-16-Perifericos/Mux4a16.vhd                         ;         ;
; Mux4a3.vhd                          ; yes             ; User VHDL File                                        ; C:/Users/oleob/OneDrive - Universidad Pontificia Comillas/ICAI_2GITT/Sistemas_Digitales_2/ICAI-RiSC-16-Perifericos/Mux4a3.vhd                          ;         ;
; RAM.vhd                             ; yes             ; User VHDL File                                        ; C:/Users/oleob/OneDrive - Universidad Pontificia Comillas/ICAI_2GITT/Sistemas_Digitales_2/ICAI-RiSC-16-Perifericos/RAM.vhd                             ;         ;
; Mux2a16.vhd                         ; yes             ; User VHDL File                                        ; C:/Users/oleob/OneDrive - Universidad Pontificia Comillas/ICAI_2GITT/Sistemas_Digitales_2/ICAI-RiSC-16-Perifericos/Mux2a16.vhd                         ;         ;
; altsyncram.tdf                      ; yes             ; Megafunction                                          ; c:/altera/13.0sp1/quartus/libraries/megafunctions/altsyncram.tdf                                                                                       ;         ;
; stratix_ram_block.inc               ; yes             ; Megafunction                                          ; c:/altera/13.0sp1/quartus/libraries/megafunctions/stratix_ram_block.inc                                                                                ;         ;
; lpm_mux.inc                         ; yes             ; Megafunction                                          ; c:/altera/13.0sp1/quartus/libraries/megafunctions/lpm_mux.inc                                                                                          ;         ;
; lpm_decode.inc                      ; yes             ; Megafunction                                          ; c:/altera/13.0sp1/quartus/libraries/megafunctions/lpm_decode.inc                                                                                       ;         ;
; aglobal130.inc                      ; yes             ; Megafunction                                          ; c:/altera/13.0sp1/quartus/libraries/megafunctions/aglobal130.inc                                                                                       ;         ;
; a_rdenreg.inc                       ; yes             ; Megafunction                                          ; c:/altera/13.0sp1/quartus/libraries/megafunctions/a_rdenreg.inc                                                                                        ;         ;
; altrom.inc                          ; yes             ; Megafunction                                          ; c:/altera/13.0sp1/quartus/libraries/megafunctions/altrom.inc                                                                                           ;         ;
; altram.inc                          ; yes             ; Megafunction                                          ; c:/altera/13.0sp1/quartus/libraries/megafunctions/altram.inc                                                                                           ;         ;
; altdpram.inc                        ; yes             ; Megafunction                                          ; c:/altera/13.0sp1/quartus/libraries/megafunctions/altdpram.inc                                                                                         ;         ;
; db/altsyncram_4471.tdf              ; yes             ; Auto-Generated Megafunction                           ; C:/Users/oleob/OneDrive - Universidad Pontificia Comillas/ICAI_2GITT/Sistemas_Digitales_2/ICAI-RiSC-16-Perifericos/db/altsyncram_4471.tdf              ;         ;
; db/icai-risc.ram0_rom_16bd8.hdl.mif ; yes             ; Auto-Generated Auto-Found Memory Initialization File  ; C:/Users/oleob/OneDrive - Universidad Pontificia Comillas/ICAI_2GITT/Sistemas_Digitales_2/ICAI-RiSC-16-Perifericos/db/icai-risc.ram0_rom_16bd8.hdl.mif ;         ;
; db/altsyncram_j7i1.tdf              ; yes             ; Auto-Generated Megafunction                           ; C:/Users/oleob/OneDrive - Universidad Pontificia Comillas/ICAI_2GITT/Sistemas_Digitales_2/ICAI-RiSC-16-Perifericos/db/altsyncram_j7i1.tdf              ;         ;
; lpm_mult.tdf                        ; yes             ; Megafunction                                          ; c:/altera/13.0sp1/quartus/libraries/megafunctions/lpm_mult.tdf                                                                                         ;         ;
; lpm_add_sub.inc                     ; yes             ; Megafunction                                          ; c:/altera/13.0sp1/quartus/libraries/megafunctions/lpm_add_sub.inc                                                                                      ;         ;
; multcore.inc                        ; yes             ; Megafunction                                          ; c:/altera/13.0sp1/quartus/libraries/megafunctions/multcore.inc                                                                                         ;         ;
; bypassff.inc                        ; yes             ; Megafunction                                          ; c:/altera/13.0sp1/quartus/libraries/megafunctions/bypassff.inc                                                                                         ;         ;
; altshift.inc                        ; yes             ; Megafunction                                          ; c:/altera/13.0sp1/quartus/libraries/megafunctions/altshift.inc                                                                                         ;         ;
; db/mult_h1t.tdf                     ; yes             ; Auto-Generated Megafunction                           ; C:/Users/oleob/OneDrive - Universidad Pontificia Comillas/ICAI_2GITT/Sistemas_Digitales_2/ICAI-RiSC-16-Perifericos/db/mult_h1t.tdf                     ;         ;
+-------------------------------------+-----------------+-------------------------------------------------------+--------------------------------------------------------------------------------------------------------------------------------------------------------+---------+


+-----------------------------------------------------+
; Analysis & Synthesis Resource Usage Summary         ;
+---------------------------------------------+-------+
; Resource                                    ; Usage ;
+---------------------------------------------+-------+
; Estimated Total logic elements              ; 587   ;
;                                             ;       ;
; Total combinational functions               ; 432   ;
; Logic element usage by number of LUT inputs ;       ;
;     -- 4 input functions                    ; 332   ;
;     -- 3 input functions                    ; 76    ;
;     -- <=2 input functions                  ; 24    ;
;                                             ;       ;
; Logic elements by mode                      ;       ;
;     -- normal mode                          ; 417   ;
;     -- arithmetic mode                      ; 15    ;
;                                             ;       ;
; Total registers                             ; 246   ;
;     -- Dedicated logic registers            ; 246   ;
;     -- I/O registers                        ; 0     ;
;                                             ;       ;
; I/O pins                                    ; 28    ;
; Total memory bits                           ; 2048  ;
; Embedded Multiplier 9-bit elements          ; 2     ;
; Maximum fan-out node                        ; clk   ;
; Maximum fan-out                             ; 278   ;
; Total fan-out                               ; 2988  ;
; Average fan-out                             ; 4.04  ;
+---------------------------------------------+-------+


+------------------------------------------------------------------------------------------------------------------------------------------------------------------------------------------------------------------------------------------------------------+
; Analysis & Synthesis Resource Utilization by Entity                                                                                                                                                                                                        ;
+-------------------------------------------------+-------------------+--------------+-------------+--------------+---------+-----------+------+--------------+-------------------------------------------------------------------------------+--------------+
; Compilation Hierarchy Node                      ; LC Combinationals ; LC Registers ; Memory Bits ; DSP Elements ; DSP 9x9 ; DSP 18x18 ; Pins ; Virtual Pins ; Full Hierarchy Name                                                           ; Library Name ;
+-------------------------------------------------+-------------------+--------------+-------------+--------------+---------+-----------+------+--------------+-------------------------------------------------------------------------------+--------------+
; |Risc                                           ; 432 (35)          ; 246 (14)     ; 2048        ; 2            ; 0       ; 1         ; 28   ; 0            ; |Risc                                                                         ; work         ;
;    |ALU:i_ALU|                                  ; 128 (83)          ; 0 (0)        ; 0           ; 2            ; 0       ; 1         ; 0    ; 0            ; |Risc|ALU:i_ALU                                                               ; work         ;
;       |Multi16Con:i3|                           ; 0 (0)             ; 0 (0)        ; 0           ; 2            ; 0       ; 1         ; 0    ; 0            ; |Risc|ALU:i_ALU|Multi16Con:i3                                                 ; work         ;
;          |lpm_mult:Mult0|                       ; 0 (0)             ; 0 (0)        ; 0           ; 2            ; 0       ; 1         ; 0    ; 0            ; |Risc|ALU:i_ALU|Multi16Con:i3|lpm_mult:Mult0                                  ; work         ;
;             |mult_h1t:auto_generated|           ; 0 (0)             ; 0 (0)        ; 0           ; 2            ; 0       ; 1         ; 0    ; 0            ; |Risc|ALU:i_ALU|Multi16Con:i3|lpm_mult:Mult0|mult_h1t:auto_generated          ; work         ;
;       |SumadorRestador16Bits:i1|                ; 40 (1)            ; 0 (0)        ; 0           ; 0            ; 0       ; 0         ; 0    ; 0            ; |Risc|ALU:i_ALU|SumadorRestador16Bits:i1                                      ; work         ;
;          |Sumador1Bit:\GenSum:0:i_Sumador1Bit|  ; 2 (2)             ; 0 (0)        ; 0           ; 0            ; 0       ; 0         ; 0    ; 0            ; |Risc|ALU:i_ALU|SumadorRestador16Bits:i1|Sumador1Bit:\GenSum:0:i_Sumador1Bit  ; work         ;
;          |Sumador1Bit:\GenSum:10:i_Sumador1Bit| ; 2 (2)             ; 0 (0)        ; 0           ; 0            ; 0       ; 0         ; 0    ; 0            ; |Risc|ALU:i_ALU|SumadorRestador16Bits:i1|Sumador1Bit:\GenSum:10:i_Sumador1Bit ; work         ;
;          |Sumador1Bit:\GenSum:11:i_Sumador1Bit| ; 2 (2)             ; 0 (0)        ; 0           ; 0            ; 0       ; 0         ; 0    ; 0            ; |Risc|ALU:i_ALU|SumadorRestador16Bits:i1|Sumador1Bit:\GenSum:11:i_Sumador1Bit ; work         ;
;          |Sumador1Bit:\GenSum:12:i_Sumador1Bit| ; 2 (2)             ; 0 (0)        ; 0           ; 0            ; 0       ; 0         ; 0    ; 0            ; |Risc|ALU:i_ALU|SumadorRestador16Bits:i1|Sumador1Bit:\GenSum:12:i_Sumador1Bit ; work         ;
;          |Sumador1Bit:\GenSum:13:i_Sumador1Bit| ; 2 (2)             ; 0 (0)        ; 0           ; 0            ; 0       ; 0         ; 0    ; 0            ; |Risc|ALU:i_ALU|SumadorRestador16Bits:i1|Sumador1Bit:\GenSum:13:i_Sumador1Bit ; work         ;
;          |Sumador1Bit:\GenSum:14:i_Sumador1Bit| ; 2 (2)             ; 0 (0)        ; 0           ; 0            ; 0       ; 0         ; 0    ; 0            ; |Risc|ALU:i_ALU|SumadorRestador16Bits:i1|Sumador1Bit:\GenSum:14:i_Sumador1Bit ; work         ;
;          |Sumador1Bit:\GenSum:15:i_Sumador1Bit| ; 1 (1)             ; 0 (0)        ; 0           ; 0            ; 0       ; 0         ; 0    ; 0            ; |Risc|ALU:i_ALU|SumadorRestador16Bits:i1|Sumador1Bit:\GenSum:15:i_Sumador1Bit ; work         ;
;          |Sumador1Bit:\GenSum:1:i_Sumador1Bit|  ; 4 (4)             ; 0 (0)        ; 0           ; 0            ; 0       ; 0         ; 0    ; 0            ; |Risc|ALU:i_ALU|SumadorRestador16Bits:i1|Sumador1Bit:\GenSum:1:i_Sumador1Bit  ; work         ;
;          |Sumador1Bit:\GenSum:2:i_Sumador1Bit|  ; 1 (1)             ; 0 (0)        ; 0           ; 0            ; 0       ; 0         ; 0    ; 0            ; |Risc|ALU:i_ALU|SumadorRestador16Bits:i1|Sumador1Bit:\GenSum:2:i_Sumador1Bit  ; work         ;
;          |Sumador1Bit:\GenSum:3:i_Sumador1Bit|  ; 7 (7)             ; 0 (0)        ; 0           ; 0            ; 0       ; 0         ; 0    ; 0            ; |Risc|ALU:i_ALU|SumadorRestador16Bits:i1|Sumador1Bit:\GenSum:3:i_Sumador1Bit  ; work         ;
;          |Sumador1Bit:\GenSum:4:i_Sumador1Bit|  ; 1 (1)             ; 0 (0)        ; 0           ; 0            ; 0       ; 0         ; 0    ; 0            ; |Risc|ALU:i_ALU|SumadorRestador16Bits:i1|Sumador1Bit:\GenSum:4:i_Sumador1Bit  ; work         ;
;          |Sumador1Bit:\GenSum:5:i_Sumador1Bit|  ; 4 (4)             ; 0 (0)        ; 0           ; 0            ; 0       ; 0         ; 0    ; 0            ; |Risc|ALU:i_ALU|SumadorRestador16Bits:i1|Sumador1Bit:\GenSum:5:i_Sumador1Bit  ; work         ;
;          |Sumador1Bit:\GenSum:6:i_Sumador1Bit|  ; 2 (2)             ; 0 (0)        ; 0           ; 0            ; 0       ; 0         ; 0    ; 0            ; |Risc|ALU:i_ALU|SumadorRestador16Bits:i1|Sumador1Bit:\GenSum:6:i_Sumador1Bit  ; work         ;
;          |Sumador1Bit:\GenSum:7:i_Sumador1Bit|  ; 4 (4)             ; 0 (0)        ; 0           ; 0            ; 0       ; 0         ; 0    ; 0            ; |Risc|ALU:i_ALU|SumadorRestador16Bits:i1|Sumador1Bit:\GenSum:7:i_Sumador1Bit  ; work         ;
;          |Sumador1Bit:\GenSum:8:i_Sumador1Bit|  ; 1 (1)             ; 0 (0)        ; 0           ; 0            ; 0       ; 0         ; 0    ; 0            ; |Risc|ALU:i_ALU|SumadorRestador16Bits:i1|Sumador1Bit:\GenSum:8:i_Sumador1Bit  ; work         ;
;          |Sumador1Bit:\GenSum:9:i_Sumador1Bit|  ; 2 (2)             ; 0 (0)        ; 0           ; 0            ; 0       ; 0         ; 0    ; 0            ; |Risc|ALU:i_ALU|SumadorRestador16Bits:i1|Sumador1Bit:\GenSum:9:i_Sumador1Bit  ; work         ;
;       |nand_op:i4|                              ; 5 (5)             ; 0 (0)        ; 0           ; 0            ; 0       ; 0         ; 0    ; 0            ; |Risc|ALU:i_ALU|nand_op:i4                                                    ; work         ;
;    |BancoReg:i_BancoReg|                        ; 141 (141)         ; 112 (0)      ; 0           ; 0            ; 0       ; 0         ; 0    ; 0            ; |Risc|BancoReg:i_BancoReg                                                     ; work         ;
;       |RegParPar16:Registro_r1|                 ; 0 (0)             ; 16 (16)      ; 0           ; 0            ; 0       ; 0         ; 0    ; 0            ; |Risc|BancoReg:i_BancoReg|RegParPar16:Registro_r1                             ; work         ;
;       |RegParPar16:Registro_r2|                 ; 0 (0)             ; 16 (16)      ; 0           ; 0            ; 0       ; 0         ; 0    ; 0            ; |Risc|BancoReg:i_BancoReg|RegParPar16:Registro_r2                             ; work         ;
;       |RegParPar16:Registro_r3|                 ; 0 (0)             ; 16 (16)      ; 0           ; 0            ; 0       ; 0         ; 0    ; 0            ; |Risc|BancoReg:i_BancoReg|RegParPar16:Registro_r3                             ; work         ;
;       |RegParPar16:Registro_r4|                 ; 0 (0)             ; 16 (16)      ; 0           ; 0            ; 0       ; 0         ; 0    ; 0            ; |Risc|BancoReg:i_BancoReg|RegParPar16:Registro_r4                             ; work         ;
;       |RegParPar16:Registro_r5|                 ; 0 (0)             ; 16 (16)      ; 0           ; 0            ; 0       ; 0         ; 0    ; 0            ; |Risc|BancoReg:i_BancoReg|RegParPar16:Registro_r5                             ; work         ;
;       |RegParPar16:Registro_r6|                 ; 0 (0)             ; 16 (16)      ; 0           ; 0            ; 0       ; 0         ; 0    ; 0            ; |Risc|BancoReg:i_BancoReg|RegParPar16:Registro_r6                             ; work         ;
;       |RegParPar16:Registro_r7|                 ; 0 (0)             ; 16 (16)      ; 0           ; 0            ; 0       ; 0         ; 0    ; 0            ; |Risc|BancoReg:i_BancoReg|RegParPar16:Registro_r7                             ; work         ;
;    |Mux2a16:i_Mux_Peri|                         ; 5 (5)             ; 0 (0)        ; 0           ; 0            ; 0       ; 0         ; 0    ; 0            ; |Risc|Mux2a16:i_Mux_Peri                                                      ; work         ;
;    |Mux4a16:i_Mux_A|                            ; 16 (16)           ; 0 (0)        ; 0           ; 0            ; 0       ; 0         ; 0    ; 0            ; |Risc|Mux4a16:i_Mux_A                                                         ; work         ;
;    |Mux4a16:i_Mux_Banco|                        ; 39 (39)           ; 0 (0)        ; 0           ; 0            ; 0       ; 0         ; 0    ; 0            ; |Risc|Mux4a16:i_Mux_Banco                                                     ; work         ;
;    |Mux4a16:i_Mux_B|                            ; 17 (17)           ; 0 (0)        ; 0           ; 0            ; 0       ; 0         ; 0    ; 0            ; |Risc|Mux4a16:i_Mux_B                                                         ; work         ;
;    |Mux4a16:i_Mux_PC|                           ; 12 (12)           ; 0 (0)        ; 0           ; 0            ; 0       ; 0         ; 0    ; 0            ; |Risc|Mux4a16:i_Mux_PC                                                        ; work         ;
;    |Mux4a3:i_Mux_IR|                            ; 6 (6)             ; 0 (0)        ; 0           ; 0            ; 0       ; 0         ; 0    ; 0            ; |Risc|Mux4a3:i_Mux_IR                                                         ; work         ;
;    |RAM:i_RAM|                                  ; 22 (22)           ; 56 (56)      ; 1024        ; 0            ; 0       ; 0         ; 0    ; 0            ; |Risc|RAM:i_RAM                                                               ; work         ;
;       |altsyncram:ram_block_rtl_0|              ; 0 (0)             ; 0 (0)        ; 1024        ; 0            ; 0       ; 0         ; 0    ; 0            ; |Risc|RAM:i_RAM|altsyncram:ram_block_rtl_0                                    ; work         ;
;          |altsyncram_j7i1:auto_generated|       ; 0 (0)             ; 0 (0)        ; 1024        ; 0            ; 0       ; 0         ; 0    ; 0            ; |Risc|RAM:i_RAM|altsyncram:ram_block_rtl_0|altsyncram_j7i1:auto_generated     ; work         ;
;    |ROM:i_ROM|                                  ; 0 (0)             ; 0 (0)        ; 1024        ; 0            ; 0       ; 0         ; 0    ; 0            ; |Risc|ROM:i_ROM                                                               ; work         ;
;       |altsyncram:memoria_rtl_0|                ; 0 (0)             ; 0 (0)        ; 1024        ; 0            ; 0       ; 0         ; 0    ; 0            ; |Risc|ROM:i_ROM|altsyncram:memoria_rtl_0                                      ; work         ;
;          |altsyncram_4471:auto_generated|       ; 0 (0)             ; 0 (0)        ; 1024        ; 0            ; 0       ; 0         ; 0    ; 0            ; |Risc|ROM:i_ROM|altsyncram:memoria_rtl_0|altsyncram_4471:auto_generated       ; work         ;
;    |RegParPar16:i_IR|                           ; 0 (0)             ; 16 (16)      ; 0           ; 0            ; 0       ; 0         ; 0    ; 0            ; |Risc|RegParPar16:i_IR                                                        ; work         ;
;    |RegParPar16:i_PC|                           ; 11 (11)           ; 16 (16)      ; 0           ; 0            ; 0       ; 0         ; 0    ; 0            ; |Risc|RegParPar16:i_PC                                                        ; work         ;
;    |RegParPar16:i_RegPeri|                      ; 0 (0)             ; 16 (16)      ; 0           ; 0            ; 0       ; 0         ; 0    ; 0            ; |Risc|RegParPar16:i_RegPeri                                                   ; work         ;
;    |RegParPar16:i_Reg|                          ; 0 (0)             ; 16 (16)      ; 0           ; 0            ; 0       ; 0         ; 0    ; 0            ; |Risc|RegParPar16:i_Reg                                                       ; work         ;
+-------------------------------------------------+-------------------+--------------+-------------+--------------+---------+-----------+------+--------------+-------------------------------------------------------------------------------+--------------+
Note: For table entries with two numbers listed, the numbers in parentheses indicate the number of resources of the given type used by the specific entity alone. The numbers listed outside of parentheses indicate the total resources of the given type used by the specific entity and all of its sub-entities in the hierarchy.


+-------------------------------------------------------------------------------------------------------------------------------------------------------------------------------------------------------------------+
; Analysis & Synthesis RAM Summary                                                                                                                                                                                  ;
+--------------------------------------------------------------------------------+------+------------------+--------------+--------------+--------------+--------------+------+-------------------------------------+
; Name                                                                           ; Type ; Mode             ; Port A Depth ; Port A Width ; Port B Depth ; Port B Width ; Size ; MIF                                 ;
+--------------------------------------------------------------------------------+------+------------------+--------------+--------------+--------------+--------------+------+-------------------------------------+
; RAM:i_RAM|altsyncram:ram_block_rtl_0|altsyncram_j7i1:auto_generated|ALTSYNCRAM ; AUTO ; Simple Dual Port ; 64           ; 16           ; 64           ; 16           ; 1024 ; None                                ;
; ROM:i_ROM|altsyncram:memoria_rtl_0|altsyncram_4471:auto_generated|ALTSYNCRAM   ; AUTO ; ROM              ; 64           ; 16           ; --           ; --           ; 1024 ; db/ICAI-RiSC.ram0_ROM_16bd8.hdl.mif ;
+--------------------------------------------------------------------------------+------+------------------+--------------+--------------+--------------+--------------+------+-------------------------------------+


+-----------------------------------------------------+
; Analysis & Synthesis DSP Block Usage Summary        ;
+---------------------------------------+-------------+
; Statistic                             ; Number Used ;
+---------------------------------------+-------------+
; Simple Multipliers (9-bit)            ; 0           ;
; Simple Multipliers (18-bit)           ; 1           ;
; Embedded Multiplier Blocks            ; --          ;
; Embedded Multiplier 9-bit elements    ; 2           ;
; Signed Embedded Multipliers           ; 1           ;
; Unsigned Embedded Multipliers         ; 0           ;
; Mixed Sign Embedded Multipliers       ; 0           ;
; Variable Sign Embedded Multipliers    ; 0           ;
; Dedicated Input Shift Register Chains ; 0           ;
+---------------------------------------+-------------+
Note: number of Embedded Multiplier Blocks used is only available after a successful fit.


Encoding Type:  One-Hot
+------------------------------------------------------------------------------------------------------------------------------------------------------------------------------------------------------------------------------------------------------------------------------------+
; State Machine - |Risc|estado_act                                                                                                                                                                                                                                                   ;
+------------------+----------------+----------------+----------------+------------------+------------------+------------------+------------------+------------------+-----------------+------------------+-----------------+------------------+------------------+------------------+
; Name             ; estado_act.LW5 ; estado_act.SW4 ; estado_act.LW4 ; estado_act.ADDI4 ; estado_act.ARIT4 ; estado_act.JALR3 ; estado_act.LWSW3 ; estado_act.ADDI3 ; estado_act.BEQ3 ; estado_act.ARIT3 ; estado_act.LUI3 ; estado_act.DECOD ; estado_act.FETCH ; estado_act.RESET ;
+------------------+----------------+----------------+----------------+------------------+------------------+------------------+------------------+------------------+-----------------+------------------+-----------------+------------------+------------------+------------------+
; estado_act.RESET ; 0              ; 0              ; 0              ; 0                ; 0                ; 0                ; 0                ; 0                ; 0               ; 0                ; 0               ; 0                ; 0                ; 0                ;
; estado_act.FETCH ; 0              ; 0              ; 0              ; 0                ; 0                ; 0                ; 0                ; 0                ; 0               ; 0                ; 0               ; 0                ; 1                ; 1                ;
; estado_act.DECOD ; 0              ; 0              ; 0              ; 0                ; 0                ; 0                ; 0                ; 0                ; 0               ; 0                ; 0               ; 1                ; 0                ; 1                ;
; estado_act.LUI3  ; 0              ; 0              ; 0              ; 0                ; 0                ; 0                ; 0                ; 0                ; 0               ; 0                ; 1               ; 0                ; 0                ; 1                ;
; estado_act.ARIT3 ; 0              ; 0              ; 0              ; 0                ; 0                ; 0                ; 0                ; 0                ; 0               ; 1                ; 0               ; 0                ; 0                ; 1                ;
; estado_act.BEQ3  ; 0              ; 0              ; 0              ; 0                ; 0                ; 0                ; 0                ; 0                ; 1               ; 0                ; 0               ; 0                ; 0                ; 1                ;
; estado_act.ADDI3 ; 0              ; 0              ; 0              ; 0                ; 0                ; 0                ; 0                ; 1                ; 0               ; 0                ; 0               ; 0                ; 0                ; 1                ;
; estado_act.LWSW3 ; 0              ; 0              ; 0              ; 0                ; 0                ; 0                ; 1                ; 0                ; 0               ; 0                ; 0               ; 0                ; 0                ; 1                ;
; estado_act.JALR3 ; 0              ; 0              ; 0              ; 0                ; 0                ; 1                ; 0                ; 0                ; 0               ; 0                ; 0               ; 0                ; 0                ; 1                ;
; estado_act.ARIT4 ; 0              ; 0              ; 0              ; 0                ; 1                ; 0                ; 0                ; 0                ; 0               ; 0                ; 0               ; 0                ; 0                ; 1                ;
; estado_act.ADDI4 ; 0              ; 0              ; 0              ; 1                ; 0                ; 0                ; 0                ; 0                ; 0               ; 0                ; 0               ; 0                ; 0                ; 1                ;
; estado_act.LW4   ; 0              ; 0              ; 1              ; 0                ; 0                ; 0                ; 0                ; 0                ; 0               ; 0                ; 0               ; 0                ; 0                ; 1                ;
; estado_act.SW4   ; 0              ; 1              ; 0              ; 0                ; 0                ; 0                ; 0                ; 0                ; 0               ; 0                ; 0               ; 0                ; 0                ; 1                ;
; estado_act.LW5   ; 1              ; 0              ; 0              ; 0                ; 0                ; 0                ; 0                ; 0                ; 0               ; 0                ; 0               ; 0                ; 0                ; 1                ;
+------------------+----------------+----------------+----------------+------------------+------------------+------------------+------------------+------------------+-----------------+------------------+-----------------+------------------+------------------+------------------+


+---------------------------------------------------------------------------------------------------------+
; Registers Removed During Synthesis                                                                      ;
+-------------------------------------------------------------+-------------------------------------------+
; Register name                                               ; Reason for Removal                        ;
+-------------------------------------------------------------+-------------------------------------------+
; BancoReg:i_BancoReg|RegParPar16:Registro_r0|registro[0..15] ; Stuck at GND due to stuck port data_in    ;
; RAM:i_RAM|ram_block_rtl_0_bypass[2]                         ; Merged with RegParPar16:i_Reg|registro[0] ;
; RAM:i_RAM|ram_block_rtl_0_bypass[4]                         ; Merged with RegParPar16:i_Reg|registro[1] ;
; RAM:i_RAM|ram_block_rtl_0_bypass[6]                         ; Merged with RegParPar16:i_Reg|registro[2] ;
; RAM:i_RAM|ram_block_rtl_0_bypass[8]                         ; Merged with RegParPar16:i_Reg|registro[3] ;
; RAM:i_RAM|ram_block_rtl_0_bypass[10]                        ; Merged with RegParPar16:i_Reg|registro[4] ;
; RAM:i_RAM|ram_block_rtl_0_bypass[12]                        ; Merged with RegParPar16:i_Reg|registro[5] ;
; Total Number of Removed Registers = 22                      ;                                           ;
+-------------------------------------------------------------+-------------------------------------------+


+------------------------------------------------------+
; General Register Statistics                          ;
+----------------------------------------------+-------+
; Statistic                                    ; Value ;
+----------------------------------------------+-------+
; Total registers                              ; 246   ;
; Number of registers using Synchronous Clear  ; 10    ;
; Number of registers using Synchronous Load   ; 26    ;
; Number of registers using Asynchronous Clear ; 191   ;
; Number of registers using Asynchronous Load  ; 0     ;
; Number of registers using Clock Enable       ; 209   ;
; Number of registers using Preset             ; 0     ;
+----------------------------------------------+-------+


+-------------------------------------------------------+
; Registers Packed Into Inferred Megafunctions          ;
+----------------------+-------------------------+------+
; Register Name        ; Megafunction            ; Type ;
+----------------------+-------------------------+------+
; ROM:i_ROM|dat[0..15] ; ROM:i_ROM|memoria_rtl_0 ; RAM  ;
+----------------------+-------------------------+------+


+------------------------------------------------------------------+
; Registers Added for RAM Pass-Through Logic                       ;
+--------------------------------------+---------------------------+
; Register Name                        ; RAM Name                  ;
+--------------------------------------+---------------------------+
; RAM:i_RAM|ram_block_rtl_0_bypass[0]  ; RAM:i_RAM|ram_block_rtl_0 ;
; RAM:i_RAM|ram_block_rtl_0_bypass[1]  ; RAM:i_RAM|ram_block_rtl_0 ;
; RAM:i_RAM|ram_block_rtl_0_bypass[2]  ; RAM:i_RAM|ram_block_rtl_0 ;
; RAM:i_RAM|ram_block_rtl_0_bypass[3]  ; RAM:i_RAM|ram_block_rtl_0 ;
; RAM:i_RAM|ram_block_rtl_0_bypass[4]  ; RAM:i_RAM|ram_block_rtl_0 ;
; RAM:i_RAM|ram_block_rtl_0_bypass[5]  ; RAM:i_RAM|ram_block_rtl_0 ;
; RAM:i_RAM|ram_block_rtl_0_bypass[6]  ; RAM:i_RAM|ram_block_rtl_0 ;
; RAM:i_RAM|ram_block_rtl_0_bypass[7]  ; RAM:i_RAM|ram_block_rtl_0 ;
; RAM:i_RAM|ram_block_rtl_0_bypass[8]  ; RAM:i_RAM|ram_block_rtl_0 ;
; RAM:i_RAM|ram_block_rtl_0_bypass[9]  ; RAM:i_RAM|ram_block_rtl_0 ;
; RAM:i_RAM|ram_block_rtl_0_bypass[10] ; RAM:i_RAM|ram_block_rtl_0 ;
; RAM:i_RAM|ram_block_rtl_0_bypass[11] ; RAM:i_RAM|ram_block_rtl_0 ;
; RAM:i_RAM|ram_block_rtl_0_bypass[12] ; RAM:i_RAM|ram_block_rtl_0 ;
; RAM:i_RAM|ram_block_rtl_0_bypass[13] ; RAM:i_RAM|ram_block_rtl_0 ;
; RAM:i_RAM|ram_block_rtl_0_bypass[14] ; RAM:i_RAM|ram_block_rtl_0 ;
; RAM:i_RAM|ram_block_rtl_0_bypass[15] ; RAM:i_RAM|ram_block_rtl_0 ;
; RAM:i_RAM|ram_block_rtl_0_bypass[16] ; RAM:i_RAM|ram_block_rtl_0 ;
; RAM:i_RAM|ram_block_rtl_0_bypass[17] ; RAM:i_RAM|ram_block_rtl_0 ;
; RAM:i_RAM|ram_block_rtl_0_bypass[18] ; RAM:i_RAM|ram_block_rtl_0 ;
; RAM:i_RAM|ram_block_rtl_0_bypass[19] ; RAM:i_RAM|ram_block_rtl_0 ;
; RAM:i_RAM|ram_block_rtl_0_bypass[20] ; RAM:i_RAM|ram_block_rtl_0 ;
; RAM:i_RAM|ram_block_rtl_0_bypass[21] ; RAM:i_RAM|ram_block_rtl_0 ;
; RAM:i_RAM|ram_block_rtl_0_bypass[22] ; RAM:i_RAM|ram_block_rtl_0 ;
; RAM:i_RAM|ram_block_rtl_0_bypass[23] ; RAM:i_RAM|ram_block_rtl_0 ;
; RAM:i_RAM|ram_block_rtl_0_bypass[24] ; RAM:i_RAM|ram_block_rtl_0 ;
; RAM:i_RAM|ram_block_rtl_0_bypass[25] ; RAM:i_RAM|ram_block_rtl_0 ;
; RAM:i_RAM|ram_block_rtl_0_bypass[26] ; RAM:i_RAM|ram_block_rtl_0 ;
; RAM:i_RAM|ram_block_rtl_0_bypass[27] ; RAM:i_RAM|ram_block_rtl_0 ;
; RAM:i_RAM|ram_block_rtl_0_bypass[28] ; RAM:i_RAM|ram_block_rtl_0 ;
+--------------------------------------+---------------------------+


+---------------------------------------------------------------------------------------------------------------------------------------------------+
; Multiplexer Restructuring Statistics (Restructuring Performed)                                                                                    ;
+--------------------+-----------+---------------+----------------------+------------------------+------------+-------------------------------------+
; Multiplexer Inputs ; Bus Width ; Baseline Area ; Area if Restructured ; Saving if Restructured ; Registered ; Example Multiplexer Output          ;
+--------------------+-----------+---------------+----------------------+------------------------+------------+-------------------------------------+
; 4:1                ; 10 bits   ; 20 LEs        ; 20 LEs               ; 0 LEs                  ; Yes        ; |Risc|RegParPar16:i_PC|registro[10] ;
; 3:1                ; 16 bits   ; 32 LEs        ; 32 LEs               ; 0 LEs                  ; Yes        ; |Risc|RAM:i_RAM|dout[1]             ;
; 4:1                ; 6 bits    ; 12 LEs        ; 12 LEs               ; 0 LEs                  ; No         ; |Risc|Mux4a16:i_Mux_B|Mux12         ;
; 3:1                ; 9 bits    ; 18 LEs        ; 18 LEs               ; 0 LEs                  ; No         ; |Risc|estado_sig                    ;
; 3:1                ; 10 bits   ; 20 LEs        ; 20 LEs               ; 0 LEs                  ; No         ; |Risc|Mux4a16:i_Mux_B|Mux2          ;
; 4:1                ; 6 bits    ; 12 LEs        ; 12 LEs               ; 0 LEs                  ; No         ; |Risc|Mux4a16:i_Mux_Banco|Mux0      ;
; 4:1                ; 3 bits    ; 6 LEs         ; 6 LEs                ; 0 LEs                  ; No         ; |Risc|Mux4a3:i_Mux_IR|Mux1          ;
; 4:1                ; 6 bits    ; 12 LEs        ; 12 LEs               ; 0 LEs                  ; No         ; |Risc|Mux4a16:i_Mux_PC|Mux15        ;
; 8:1                ; 6 bits    ; 30 LEs        ; 24 LEs               ; 6 LEs                  ; No         ; |Risc|estado_sig                    ;
; 8:1                ; 16 bits   ; 80 LEs        ; 64 LEs               ; 16 LEs                 ; No         ; |Risc|BancoReg:i_BancoReg|Mux36     ;
; 8:1                ; 16 bits   ; 80 LEs        ; 64 LEs               ; 16 LEs                 ; No         ; |Risc|BancoReg:i_BancoReg|Mux23     ;
; 5:1                ; 6 bits    ; 18 LEs        ; 12 LEs               ; 6 LEs                  ; No         ; |Risc|Mux4a16:i_Mux_Banco|Mux15     ;
; 5:1                ; 4 bits    ; 12 LEs        ; 12 LEs               ; 0 LEs                  ; No         ; |Risc|Mux4a16:i_Mux_Banco|Mux6      ;
; 10:1               ; 14 bits   ; 84 LEs        ; 56 LEs               ; 28 LEs                 ; No         ; |Risc|ALU:i_ALU|Mux6                ;
+--------------------+-----------+---------------+----------------------+------------------------+------------+-------------------------------------+


+------------------------------------------------------------------------------------------+
; Source assignments for ROM:i_ROM|altsyncram:memoria_rtl_0|altsyncram_4471:auto_generated ;
+---------------------------------+--------------------+------+----------------------------+
; Assignment                      ; Value              ; From ; To                         ;
+---------------------------------+--------------------+------+----------------------------+
; OPTIMIZE_POWER_DURING_SYNTHESIS ; NORMAL_COMPILATION ; -    ; -                          ;
+---------------------------------+--------------------+------+----------------------------+


+--------------------------------------------------------------------------------------------+
; Source assignments for RAM:i_RAM|altsyncram:ram_block_rtl_0|altsyncram_j7i1:auto_generated ;
+---------------------------------+--------------------+------+------------------------------+
; Assignment                      ; Value              ; From ; To                           ;
+---------------------------------+--------------------+------+------------------------------+
; OPTIMIZE_POWER_DURING_SYNTHESIS ; NORMAL_COMPILATION ; -    ; -                            ;
+---------------------------------+--------------------+------+------------------------------+


+--------------------------------------------------------+
; Parameter Settings for User Entity Instance: ALU:i_ALU ;
+----------------+-------+-------------------------------+
; Parameter Name ; Value ; Type                          ;
+----------------+-------+-------------------------------+
; g_data_w       ; 16    ; Signed Integer                ;
+----------------+-------+-------------------------------+
Note: In order to hide this table in the UI and the text report file, please set the "Show Parameter Settings in Synthesis Report" option in "Analysis and Synthesis Settings -> More Settings" to "Off".


+---------------------------------------------------------------------------------+
; Parameter Settings for User Entity Instance: ALU:i_ALU|SumadorRestador16Bits:i1 ;
+----------------+-------+--------------------------------------------------------+
; Parameter Name ; Value ; Type                                                   ;
+----------------+-------+--------------------------------------------------------+
; g_data_w       ; 16    ; Signed Integer                                         ;
+----------------+-------+--------------------------------------------------------+
Note: In order to hide this table in the UI and the text report file, please set the "Show Parameter Settings in Synthesis Report" option in "Analysis and Synthesis Settings -> More Settings" to "Off".


+----------------------------------------------------------------------+
; Parameter Settings for User Entity Instance: ALU:i_ALU|Multi16Sin:i2 ;
+----------------+-------+---------------------------------------------+
; Parameter Name ; Value ; Type                                        ;
+----------------+-------+---------------------------------------------+
; g_data_w       ; 16    ; Signed Integer                              ;
+----------------+-------+---------------------------------------------+
Note: In order to hide this table in the UI and the text report file, please set the "Show Parameter Settings in Synthesis Report" option in "Analysis and Synthesis Settings -> More Settings" to "Off".


+----------------------------------------------------------------------+
; Parameter Settings for User Entity Instance: ALU:i_ALU|Multi16Con:i3 ;
+----------------+-------+---------------------------------------------+
; Parameter Name ; Value ; Type                                        ;
+----------------+-------+---------------------------------------------+
; g_data_w       ; 16    ; Signed Integer                              ;
+----------------+-------+---------------------------------------------+
Note: In order to hide this table in the UI and the text report file, please set the "Show Parameter Settings in Synthesis Report" option in "Analysis and Synthesis Settings -> More Settings" to "Off".


+-------------------------------------------------------------------+
; Parameter Settings for User Entity Instance: ALU:i_ALU|nand_op:i4 ;
+----------------+-------+------------------------------------------+
; Parameter Name ; Value ; Type                                     ;
+----------------+-------+------------------------------------------+
; g_data_w       ; 16    ; Signed Integer                           ;
+----------------+-------+------------------------------------------+
Note: In order to hide this table in the UI and the text report file, please set the "Show Parameter Settings in Synthesis Report" option in "Analysis and Synthesis Settings -> More Settings" to "Off".


+-------------------------------------------------------------------------------------------+
; Parameter Settings for Inferred Entity Instance: ROM:i_ROM|altsyncram:memoria_rtl_0       ;
+------------------------------------+-------------------------------------+----------------+
; Parameter Name                     ; Value                               ; Type           ;
+------------------------------------+-------------------------------------+----------------+
; BYTE_SIZE_BLOCK                    ; 8                                   ; Untyped        ;
; AUTO_CARRY_CHAINS                  ; ON                                  ; AUTO_CARRY     ;
; IGNORE_CARRY_BUFFERS               ; OFF                                 ; IGNORE_CARRY   ;
; AUTO_CASCADE_CHAINS                ; ON                                  ; AUTO_CASCADE   ;
; IGNORE_CASCADE_BUFFERS             ; OFF                                 ; IGNORE_CASCADE ;
; WIDTH_BYTEENA                      ; 1                                   ; Untyped        ;
; OPERATION_MODE                     ; ROM                                 ; Untyped        ;
; WIDTH_A                            ; 16                                  ; Untyped        ;
; WIDTHAD_A                          ; 6                                   ; Untyped        ;
; NUMWORDS_A                         ; 64                                  ; Untyped        ;
; OUTDATA_REG_A                      ; UNREGISTERED                        ; Untyped        ;
; ADDRESS_ACLR_A                     ; NONE                                ; Untyped        ;
; OUTDATA_ACLR_A                     ; NONE                                ; Untyped        ;
; WRCONTROL_ACLR_A                   ; NONE                                ; Untyped        ;
; INDATA_ACLR_A                      ; NONE                                ; Untyped        ;
; BYTEENA_ACLR_A                     ; NONE                                ; Untyped        ;
; WIDTH_B                            ; 1                                   ; Untyped        ;
; WIDTHAD_B                          ; 1                                   ; Untyped        ;
; NUMWORDS_B                         ; 1                                   ; Untyped        ;
; INDATA_REG_B                       ; CLOCK1                              ; Untyped        ;
; WRCONTROL_WRADDRESS_REG_B          ; CLOCK1                              ; Untyped        ;
; RDCONTROL_REG_B                    ; CLOCK1                              ; Untyped        ;
; ADDRESS_REG_B                      ; CLOCK1                              ; Untyped        ;
; OUTDATA_REG_B                      ; UNREGISTERED                        ; Untyped        ;
; BYTEENA_REG_B                      ; CLOCK1                              ; Untyped        ;
; INDATA_ACLR_B                      ; NONE                                ; Untyped        ;
; WRCONTROL_ACLR_B                   ; NONE                                ; Untyped        ;
; ADDRESS_ACLR_B                     ; NONE                                ; Untyped        ;
; OUTDATA_ACLR_B                     ; NONE                                ; Untyped        ;
; RDCONTROL_ACLR_B                   ; NONE                                ; Untyped        ;
; BYTEENA_ACLR_B                     ; NONE                                ; Untyped        ;
; WIDTH_BYTEENA_A                    ; 1                                   ; Untyped        ;
; WIDTH_BYTEENA_B                    ; 1                                   ; Untyped        ;
; RAM_BLOCK_TYPE                     ; AUTO                                ; Untyped        ;
; BYTE_SIZE                          ; 8                                   ; Untyped        ;
; READ_DURING_WRITE_MODE_MIXED_PORTS ; DONT_CARE                           ; Untyped        ;
; READ_DURING_WRITE_MODE_PORT_A      ; NEW_DATA_NO_NBE_READ                ; Untyped        ;
; READ_DURING_WRITE_MODE_PORT_B      ; NEW_DATA_NO_NBE_READ                ; Untyped        ;
; INIT_FILE                          ; db/ICAI-RiSC.ram0_ROM_16bd8.hdl.mif ; Untyped        ;
; INIT_FILE_LAYOUT                   ; PORT_A                              ; Untyped        ;
; MAXIMUM_DEPTH                      ; 0                                   ; Untyped        ;
; CLOCK_ENABLE_INPUT_A               ; NORMAL                              ; Untyped        ;
; CLOCK_ENABLE_INPUT_B               ; NORMAL                              ; Untyped        ;
; CLOCK_ENABLE_OUTPUT_A              ; NORMAL                              ; Untyped        ;
; CLOCK_ENABLE_OUTPUT_B              ; NORMAL                              ; Untyped        ;
; CLOCK_ENABLE_CORE_A                ; USE_INPUT_CLKEN                     ; Untyped        ;
; CLOCK_ENABLE_CORE_B                ; USE_INPUT_CLKEN                     ; Untyped        ;
; ENABLE_ECC                         ; FALSE                               ; Untyped        ;
; ECC_PIPELINE_STAGE_ENABLED         ; FALSE                               ; Untyped        ;
; WIDTH_ECCSTATUS                    ; 3                                   ; Untyped        ;
; DEVICE_FAMILY                      ; Cyclone II                          ; Untyped        ;
; CBXI_PARAMETER                     ; altsyncram_4471                     ; Untyped        ;
+------------------------------------+-------------------------------------+----------------+
Note: In order to hide this table in the UI and the text report file, please set the "Show Parameter Settings in Synthesis Report" option in "Analysis and Synthesis Settings -> More Settings" to "Off".


+---------------------------------------------------------------------------------------+
; Parameter Settings for Inferred Entity Instance: RAM:i_RAM|altsyncram:ram_block_rtl_0 ;
+------------------------------------+----------------------+---------------------------+
; Parameter Name                     ; Value                ; Type                      ;
+------------------------------------+----------------------+---------------------------+
; BYTE_SIZE_BLOCK                    ; 8                    ; Untyped                   ;
; AUTO_CARRY_CHAINS                  ; ON                   ; AUTO_CARRY                ;
; IGNORE_CARRY_BUFFERS               ; OFF                  ; IGNORE_CARRY              ;
; AUTO_CASCADE_CHAINS                ; ON                   ; AUTO_CASCADE              ;
; IGNORE_CASCADE_BUFFERS             ; OFF                  ; IGNORE_CASCADE            ;
; WIDTH_BYTEENA                      ; 1                    ; Untyped                   ;
; OPERATION_MODE                     ; DUAL_PORT            ; Untyped                   ;
; WIDTH_A                            ; 16                   ; Untyped                   ;
; WIDTHAD_A                          ; 6                    ; Untyped                   ;
; NUMWORDS_A                         ; 64                   ; Untyped                   ;
; OUTDATA_REG_A                      ; UNREGISTERED         ; Untyped                   ;
; ADDRESS_ACLR_A                     ; NONE                 ; Untyped                   ;
; OUTDATA_ACLR_A                     ; NONE                 ; Untyped                   ;
; WRCONTROL_ACLR_A                   ; NONE                 ; Untyped                   ;
; INDATA_ACLR_A                      ; NONE                 ; Untyped                   ;
; BYTEENA_ACLR_A                     ; NONE                 ; Untyped                   ;
; WIDTH_B                            ; 16                   ; Untyped                   ;
; WIDTHAD_B                          ; 6                    ; Untyped                   ;
; NUMWORDS_B                         ; 64                   ; Untyped                   ;
; INDATA_REG_B                       ; CLOCK1               ; Untyped                   ;
; WRCONTROL_WRADDRESS_REG_B          ; CLOCK1               ; Untyped                   ;
; RDCONTROL_REG_B                    ; CLOCK1               ; Untyped                   ;
; ADDRESS_REG_B                      ; CLOCK0               ; Untyped                   ;
; OUTDATA_REG_B                      ; UNREGISTERED         ; Untyped                   ;
; BYTEENA_REG_B                      ; CLOCK1               ; Untyped                   ;
; INDATA_ACLR_B                      ; NONE                 ; Untyped                   ;
; WRCONTROL_ACLR_B                   ; NONE                 ; Untyped                   ;
; ADDRESS_ACLR_B                     ; NONE                 ; Untyped                   ;
; OUTDATA_ACLR_B                     ; NONE                 ; Untyped                   ;
; RDCONTROL_ACLR_B                   ; NONE                 ; Untyped                   ;
; BYTEENA_ACLR_B                     ; NONE                 ; Untyped                   ;
; WIDTH_BYTEENA_A                    ; 1                    ; Untyped                   ;
; WIDTH_BYTEENA_B                    ; 1                    ; Untyped                   ;
; RAM_BLOCK_TYPE                     ; AUTO                 ; Untyped                   ;
; BYTE_SIZE                          ; 8                    ; Untyped                   ;
; READ_DURING_WRITE_MODE_MIXED_PORTS ; OLD_DATA             ; Untyped                   ;
; READ_DURING_WRITE_MODE_PORT_A      ; NEW_DATA_NO_NBE_READ ; Untyped                   ;
; READ_DURING_WRITE_MODE_PORT_B      ; NEW_DATA_NO_NBE_READ ; Untyped                   ;
; INIT_FILE                          ; UNUSED               ; Untyped                   ;
; INIT_FILE_LAYOUT                   ; PORT_A               ; Untyped                   ;
; MAXIMUM_DEPTH                      ; 0                    ; Untyped                   ;
; CLOCK_ENABLE_INPUT_A               ; NORMAL               ; Untyped                   ;
; CLOCK_ENABLE_INPUT_B               ; NORMAL               ; Untyped                   ;
; CLOCK_ENABLE_OUTPUT_A              ; NORMAL               ; Untyped                   ;
; CLOCK_ENABLE_OUTPUT_B              ; NORMAL               ; Untyped                   ;
; CLOCK_ENABLE_CORE_A                ; USE_INPUT_CLKEN      ; Untyped                   ;
; CLOCK_ENABLE_CORE_B                ; USE_INPUT_CLKEN      ; Untyped                   ;
; ENABLE_ECC                         ; FALSE                ; Untyped                   ;
; ECC_PIPELINE_STAGE_ENABLED         ; FALSE                ; Untyped                   ;
; WIDTH_ECCSTATUS                    ; 3                    ; Untyped                   ;
; DEVICE_FAMILY                      ; Cyclone II           ; Untyped                   ;
; CBXI_PARAMETER                     ; altsyncram_j7i1      ; Untyped                   ;
+------------------------------------+----------------------+---------------------------+
Note: In order to hide this table in the UI and the text report file, please set the "Show Parameter Settings in Synthesis Report" option in "Analysis and Synthesis Settings -> More Settings" to "Off".


+-----------------------------------------------------------------------------------------+
; Parameter Settings for Inferred Entity Instance: ALU:i_ALU|Multi16Con:i3|lpm_mult:Mult0 ;
+------------------------------------------------+------------+---------------------------+
; Parameter Name                                 ; Value      ; Type                      ;
+------------------------------------------------+------------+---------------------------+
; AUTO_CARRY_CHAINS                              ; ON         ; AUTO_CARRY                ;
; IGNORE_CARRY_BUFFERS                           ; OFF        ; IGNORE_CARRY              ;
; AUTO_CASCADE_CHAINS                            ; ON         ; AUTO_CASCADE              ;
; IGNORE_CASCADE_BUFFERS                         ; OFF        ; IGNORE_CASCADE            ;
; LPM_WIDTHA                                     ; 16         ; Untyped                   ;
; LPM_WIDTHB                                     ; 16         ; Untyped                   ;
; LPM_WIDTHP                                     ; 32         ; Untyped                   ;
; LPM_WIDTHR                                     ; 32         ; Untyped                   ;
; LPM_WIDTHS                                     ; 1          ; Untyped                   ;
; LPM_REPRESENTATION                             ; SIGNED     ; Untyped                   ;
; LPM_PIPELINE                                   ; 0          ; Untyped                   ;
; LATENCY                                        ; 0          ; Untyped                   ;
; INPUT_A_IS_CONSTANT                            ; NO         ; Untyped                   ;
; INPUT_B_IS_CONSTANT                            ; NO         ; Untyped                   ;
; USE_EAB                                        ; OFF        ; Untyped                   ;
; MAXIMIZE_SPEED                                 ; 5          ; Untyped                   ;
; DEVICE_FAMILY                                  ; Cyclone II ; Untyped                   ;
; CARRY_CHAIN                                    ; MANUAL     ; Untyped                   ;
; APEX20K_TECHNOLOGY_MAPPER                      ; LUT        ; TECH_MAPPER_APEX20K       ;
; DEDICATED_MULTIPLIER_CIRCUITRY                 ; AUTO       ; Untyped                   ;
; DEDICATED_MULTIPLIER_MIN_INPUT_WIDTH_FOR_AUTO  ; 0          ; Untyped                   ;
; DEDICATED_MULTIPLIER_MIN_OUTPUT_WIDTH_FOR_AUTO ; 0          ; Untyped                   ;
; CBXI_PARAMETER                                 ; mult_h1t   ; Untyped                   ;
; INPUT_A_FIXED_VALUE                            ; Bx         ; Untyped                   ;
; INPUT_B_FIXED_VALUE                            ; Bx         ; Untyped                   ;
; USE_AHDL_IMPLEMENTATION                        ; OFF        ; Untyped                   ;
+------------------------------------------------+------------+---------------------------+
Note: In order to hide this table in the UI and the text report file, please set the "Show Parameter Settings in Synthesis Report" option in "Analysis and Synthesis Settings -> More Settings" to "Off".


+----------------------------------------------------------------------------------+
; altsyncram Parameter Settings by Entity Instance                                 ;
+-------------------------------------------+--------------------------------------+
; Name                                      ; Value                                ;
+-------------------------------------------+--------------------------------------+
; Number of entity instances                ; 2                                    ;
; Entity Instance                           ; ROM:i_ROM|altsyncram:memoria_rtl_0   ;
;     -- OPERATION_MODE                     ; ROM                                  ;
;     -- WIDTH_A                            ; 16                                   ;
;     -- NUMWORDS_A                         ; 64                                   ;
;     -- OUTDATA_REG_A                      ; UNREGISTERED                         ;
;     -- WIDTH_B                            ; 1                                    ;
;     -- NUMWORDS_B                         ; 1                                    ;
;     -- ADDRESS_REG_B                      ; CLOCK1                               ;
;     -- OUTDATA_REG_B                      ; UNREGISTERED                         ;
;     -- RAM_BLOCK_TYPE                     ; AUTO                                 ;
;     -- READ_DURING_WRITE_MODE_MIXED_PORTS ; DONT_CARE                            ;
; Entity Instance                           ; RAM:i_RAM|altsyncram:ram_block_rtl_0 ;
;     -- OPERATION_MODE                     ; DUAL_PORT                            ;
;     -- WIDTH_A                            ; 16                                   ;
;     -- NUMWORDS_A                         ; 64                                   ;
;     -- OUTDATA_REG_A                      ; UNREGISTERED                         ;
;     -- WIDTH_B                            ; 16                                   ;
;     -- NUMWORDS_B                         ; 64                                   ;
;     -- ADDRESS_REG_B                      ; CLOCK0                               ;
;     -- OUTDATA_REG_B                      ; UNREGISTERED                         ;
;     -- RAM_BLOCK_TYPE                     ; AUTO                                 ;
;     -- READ_DURING_WRITE_MODE_MIXED_PORTS ; OLD_DATA                             ;
+-------------------------------------------+--------------------------------------+


+--------------------------------------------------------------------------------+
; lpm_mult Parameter Settings by Entity Instance                                 ;
+---------------------------------------+----------------------------------------+
; Name                                  ; Value                                  ;
+---------------------------------------+----------------------------------------+
; Number of entity instances            ; 1                                      ;
; Entity Instance                       ; ALU:i_ALU|Multi16Con:i3|lpm_mult:Mult0 ;
;     -- LPM_WIDTHA                     ; 16                                     ;
;     -- LPM_WIDTHB                     ; 16                                     ;
;     -- LPM_WIDTHP                     ; 32                                     ;
;     -- LPM_REPRESENTATION             ; SIGNED                                 ;
;     -- INPUT_A_IS_CONSTANT            ; NO                                     ;
;     -- INPUT_B_IS_CONSTANT            ; NO                                     ;
;     -- USE_EAB                        ; OFF                                    ;
;     -- DEDICATED_MULTIPLIER_CIRCUITRY ; AUTO                                   ;
;     -- INPUT_A_FIXED_VALUE            ; Bx                                     ;
;     -- INPUT_B_FIXED_VALUE            ; Bx                                     ;
+---------------------------------------+----------------------------------------+


+------------------------------------------------+
; Port Connectivity Checks: "Mux2a16:i_Mux_Peri" ;
+------------+-------+----------+----------------+
; Port       ; Type  ; Severity ; Details        ;
+------------+-------+----------+----------------+
; e2[15..10] ; Input ; Info     ; Stuck at GND   ;
+------------+-------+----------+----------------+


+----------------------------------------------------------------------------------------------------------------+
; Port Connectivity Checks: "ALU:i_ALU"                                                                          ;
+------+--------+----------+-------------------------------------------------------------------------------------+
; Port ; Type   ; Severity ; Details                                                                             ;
+------+--------+----------+-------------------------------------------------------------------------------------+
; ov   ; Output ; Info     ; Connected to dangling logic. Logic that only feeds a dangling port will be removed. ;
; co   ; Output ; Info     ; Connected to dangling logic. Logic that only feeds a dangling port will be removed. ;
+------+--------+----------+-------------------------------------------------------------------------------------+


+---------------------------------------------+
; Port Connectivity Checks: "Mux4a16:i_Mux_B" ;
+-----------+-------+----------+--------------+
; Port      ; Type  ; Severity ; Details      ;
+-----------+-------+----------+--------------+
; e2[15..1] ; Input ; Info     ; Stuck at GND ;
; e2[0]     ; Input ; Info     ; Stuck at VCC ;
; e4        ; Input ; Info     ; Stuck at GND ;
+-----------+-------+----------+--------------+


+----------------------------------------------+
; Port Connectivity Checks: "Mux4a16:i_Mux_A"  ;
+------------+-------+----------+--------------+
; Port       ; Type  ; Severity ; Details      ;
+------------+-------+----------+--------------+
; e3         ; Input ; Info     ; Stuck at GND ;
; e4         ; Input ; Info     ; Stuck at GND ;
; control[1] ; Input ; Info     ; Stuck at GND ;
+------------+-------+----------+--------------+


+-------------------------------------------------------------------------+
; Port Connectivity Checks: "BancoReg:i_BancoReg|RegParPar16:Registro_r0" ;
+---------+-------+----------+--------------------------------------------+
; Port    ; Type  ; Severity ; Details                                    ;
+---------+-------+----------+--------------------------------------------+
; entrada ; Input ; Info     ; Stuck at GND                               ;
+---------+-------+----------+--------------------------------------------+


+-------------------------------------------------+
; Port Connectivity Checks: "Mux4a16:i_Mux_Banco" ;
+----------+-------+----------+-------------------+
; Port     ; Type  ; Severity ; Details           ;
+----------+-------+----------+-------------------+
; e4[5..0] ; Input ; Info     ; Stuck at GND      ;
+----------+-------+----------+-------------------+


+---------------------------------------------+
; Port Connectivity Checks: "Mux4a3:i_Mux_IR" ;
+------+-------+----------+-------------------+
; Port ; Type  ; Severity ; Details           ;
+------+-------+----------+-------------------+
; e4   ; Input ; Info     ; Stuck at GND      ;
+------+-------+----------+-------------------+


+----------------------------------------------+
; Port Connectivity Checks: "Mux4a16:i_Mux_PC" ;
+------+-------+----------+--------------------+
; Port ; Type  ; Severity ; Details            ;
+------+-------+----------+--------------------+
; e4   ; Input ; Info     ; Stuck at GND       ;
+------+-------+----------+--------------------+


+-------------------------------+
; Elapsed Time Per Partition    ;
+----------------+--------------+
; Partition Name ; Elapsed Time ;
+----------------+--------------+
; Top            ; 00:00:04     ;
+----------------+--------------+


+-------------------------------+
; Analysis & Synthesis Messages ;
+-------------------------------+
Info: *******************************************************************
Info: Running Quartus II 32-bit Analysis & Synthesis
    Info: Version 13.0.1 Build 232 06/12/2013 Service Pack 1 SJ Web Edition
    Info: Processing started: Tue Apr 23 13:33:26 2019
Info: Command: quartus_map --read_settings_files=on --write_settings_files=off ICAI-RiSC -c ICAI-RiSC
Warning (20028): Parallel compilation is not licensed and has been disabled
Info (12021): Found 2 design units, including 1 entities, in source file risc.vhd
    Info (12022): Found design unit 1: Risc-structural
    Info (12023): Found entity 1: Risc
Info (12021): Found 2 design units, including 1 entities, in source file rom.vhd
    Info (12022): Found design unit 1: ROM-Behavioural
    Info (12023): Found entity 1: ROM
Info (12021): Found 2 design units, including 1 entities, in source file sumadorrestador16bits.vhd
    Info (12022): Found design unit 1: SumadorRestador16Bits-structural
    Info (12023): Found entity 1: SumadorRestador16Bits
Info (12021): Found 2 design units, including 1 entities, in source file sumador1bit.vhd
    Info (12022): Found design unit 1: Sumador1Bit-behavioral
    Info (12023): Found entity 1: Sumador1Bit
Info (12021): Found 2 design units, including 1 entities, in source file nand_op.vhd
    Info (12022): Found design unit 1: nand_op-behavioral
    Info (12023): Found entity 1: nand_op
Info (12021): Found 2 design units, including 1 entities, in source file multi16sin.vhd
    Info (12022): Found design unit 1: Multi16Sin-behavioral
    Info (12023): Found entity 1: Multi16Sin
Info (12021): Found 2 design units, including 1 entities, in source file multi16con.vhd
    Info (12022): Found design unit 1: Multi16Con-behavioral
    Info (12023): Found entity 1: Multi16Con
Info (12021): Found 2 design units, including 1 entities, in source file alu.vhd
    Info (12022): Found design unit 1: ALU-structural
    Info (12023): Found entity 1: ALU
Info (12021): Found 2 design units, including 1 entities, in source file risk.vhd
    Info (12022): Found design unit 1: Risk-structural
    Info (12023): Found entity 1: Risk
Info (12021): Found 2 design units, including 1 entities, in source file regparpar16.vhd
    Info (12022): Found design unit 1: RegParPar16-behavioral
    Info (12023): Found entity 1: RegParPar16
Info (12021): Found 2 design units, including 1 entities, in source file bancoreg.vhd
    Info (12022): Found design unit 1: BancoReg-structural
    Info (12023): Found entity 1: BancoReg
Info (12021): Found 2 design units, including 1 entities, in source file mux4a16.vhd
    Info (12022): Found design unit 1: Mux4a16-behavioral
    Info (12023): Found entity 1: Mux4a16
Info (12021): Found 2 design units, including 1 entities, in source file mux4a3.vhd
    Info (12022): Found design unit 1: Mux4a3-behavioral
    Info (12023): Found entity 1: Mux4a3
Info (12021): Found 2 design units, including 1 entities, in source file ram.vhd
    Info (12022): Found design unit 1: RAM-behavioral
    Info (12023): Found entity 1: RAM
Info (12021): Found 2 design units, including 1 entities, in source file mux2a16.vhd
    Info (12022): Found design unit 1: Mux2a16-behavioral
    Info (12023): Found entity 1: Mux2a16
Info (12127): Elaborating entity "Risc" for the top level hierarchy
Warning (10492): VHDL Process Statement warning at Risc.vhd(354): signal "IR" is read inside the Process Statement but isn't in the Process Statement's sensitivity list
Info (12128): Elaborating entity "Mux4a16" for hierarchy "Mux4a16:i_Mux_PC"
Info (12128): Elaborating entity "RegParPar16" for hierarchy "RegParPar16:i_PC"
Info (12128): Elaborating entity "Mux4a3" for hierarchy "Mux4a3:i_Mux_IR"
Info (12128): Elaborating entity "BancoReg" for hierarchy "BancoReg:i_BancoReg"
Info (12128): Elaborating entity "ALU" for hierarchy "ALU:i_ALU"
Info (12128): Elaborating entity "SumadorRestador16Bits" for hierarchy "ALU:i_ALU|SumadorRestador16Bits:i1"
Info (12128): Elaborating entity "Sumador1Bit" for hierarchy "ALU:i_ALU|SumadorRestador16Bits:i1|Sumador1Bit:\GenSum:0:i_Sumador1Bit"
Info (12128): Elaborating entity "Multi16Sin" for hierarchy "ALU:i_ALU|Multi16Sin:i2"
Info (12128): Elaborating entity "Multi16Con" for hierarchy "ALU:i_ALU|Multi16Con:i3"
Info (12128): Elaborating entity "nand_op" for hierarchy "ALU:i_ALU|nand_op:i4"
Info (12128): Elaborating entity "RAM" for hierarchy "RAM:i_RAM"
Info (12128): Elaborating entity "ROM" for hierarchy "ROM:i_ROM"
Info (12128): Elaborating entity "Mux2a16" for hierarchy "Mux2a16:i_Mux_Peri"
Warning (276020): Inferred RAM node "RAM:i_RAM|ram_block_rtl_0" from synchronous design logic.  Pass-through logic has been added to match the read-during-write behavior of the original design.
Info (19000): Inferred 2 megafunctions from design logic
    Info (276029): Inferred altsyncram megafunction from the following design logic: "ROM:i_ROM|memoria_rtl_0" 
        Info (286033): Parameter OPERATION_MODE set to ROM
        Info (286033): Parameter WIDTH_A set to 16
        Info (286033): Parameter WIDTHAD_A set to 6
        Info (286033): Parameter NUMWORDS_A set to 64
        Info (286033): Parameter OUTDATA_REG_A set to UNREGISTERED
        Info (286033): Parameter ADDRESS_ACLR_A set to NONE
        Info (286033): Parameter OUTDATA_ACLR_A set to NONE
        Info (286033): Parameter INDATA_ACLR_A set to NONE
        Info (286033): Parameter WRCONTROL_ACLR_A set to NONE
        Info (286033): Parameter INIT_FILE set to db/ICAI-RiSC.ram0_ROM_16bd8.hdl.mif
    Info (276029): Inferred altsyncram megafunction from the following design logic: "RAM:i_RAM|ram_block_rtl_0" 
        Info (286033): Parameter OPERATION_MODE set to DUAL_PORT
        Info (286033): Parameter WIDTH_A set to 16
        Info (286033): Parameter WIDTHAD_A set to 6
        Info (286033): Parameter NUMWORDS_A set to 64
        Info (286033): Parameter WIDTH_B set to 16
        Info (286033): Parameter WIDTHAD_B set to 6
        Info (286033): Parameter NUMWORDS_B set to 64
        Info (286033): Parameter ADDRESS_ACLR_A set to NONE
        Info (286033): Parameter OUTDATA_REG_B set to UNREGISTERED
        Info (286033): Parameter ADDRESS_ACLR_B set to NONE
        Info (286033): Parameter OUTDATA_ACLR_B set to NONE
        Info (286033): Parameter ADDRESS_REG_B set to CLOCK0
        Info (286033): Parameter INDATA_ACLR_A set to NONE
        Info (286033): Parameter WRCONTROL_ACLR_A set to NONE
        Info (286033): Parameter READ_DURING_WRITE_MODE_MIXED_PORTS set to OLD_DATA
Info (278001): Inferred 1 megafunctions from design logic
    Info (278003): Inferred multiplier megafunction ("lpm_mult") from the following logic: "ALU:i_ALU|Multi16Con:i3|Mult0"
Info (12130): Elaborated megafunction instantiation "ROM:i_ROM|altsyncram:memoria_rtl_0"
Info (12133): Instantiated megafunction "ROM:i_ROM|altsyncram:memoria_rtl_0" with the following parameter:
    Info (12134): Parameter "OPERATION_MODE" = "ROM"
    Info (12134): Parameter "WIDTH_A" = "16"
    Info (12134): Parameter "WIDTHAD_A" = "6"
    Info (12134): Parameter "NUMWORDS_A" = "64"
    Info (12134): Parameter "OUTDATA_REG_A" = "UNREGISTERED"
    Info (12134): Parameter "ADDRESS_ACLR_A" = "NONE"
    Info (12134): Parameter "OUTDATA_ACLR_A" = "NONE"
    Info (12134): Parameter "INDATA_ACLR_A" = "NONE"
    Info (12134): Parameter "WRCONTROL_ACLR_A" = "NONE"
    Info (12134): Parameter "INIT_FILE" = "db/ICAI-RiSC.ram0_ROM_16bd8.hdl.mif"
Info (12021): Found 1 design units, including 1 entities, in source file db/altsyncram_4471.tdf
    Info (12023): Found entity 1: altsyncram_4471
Info (12130): Elaborated megafunction instantiation "RAM:i_RAM|altsyncram:ram_block_rtl_0"
Info (12133): Instantiated megafunction "RAM:i_RAM|altsyncram:ram_block_rtl_0" with the following parameter:
    Info (12134): Parameter "OPERATION_MODE" = "DUAL_PORT"
    Info (12134): Parameter "WIDTH_A" = "16"
    Info (12134): Parameter "WIDTHAD_A" = "6"
    Info (12134): Parameter "NUMWORDS_A" = "64"
    Info (12134): Parameter "WIDTH_B" = "16"
    Info (12134): Parameter "WIDTHAD_B" = "6"
    Info (12134): Parameter "NUMWORDS_B" = "64"
    Info (12134): Parameter "ADDRESS_ACLR_A" = "NONE"
    Info (12134): Parameter "OUTDATA_REG_B" = "UNREGISTERED"
    Info (12134): Parameter "ADDRESS_ACLR_B" = "NONE"
    Info (12134): Parameter "OUTDATA_ACLR_B" = "NONE"
    Info (12134): Parameter "ADDRESS_REG_B" = "CLOCK0"
    Info (12134): Parameter "INDATA_ACLR_A" = "NONE"
    Info (12134): Parameter "WRCONTROL_ACLR_A" = "NONE"
    Info (12134): Parameter "READ_DURING_WRITE_MODE_MIXED_PORTS" = "OLD_DATA"
Info (12021): Found 1 design units, including 1 entities, in source file db/altsyncram_j7i1.tdf
    Info (12023): Found entity 1: altsyncram_j7i1
Info (12130): Elaborated megafunction instantiation "ALU:i_ALU|Multi16Con:i3|lpm_mult:Mult0"
Info (12133): Instantiated megafunction "ALU:i_ALU|Multi16Con:i3|lpm_mult:Mult0" with the following parameter:
    Info (12134): Parameter "LPM_WIDTHA" = "16"
    Info (12134): Parameter "LPM_WIDTHB" = "16"
    Info (12134): Parameter "LPM_WIDTHP" = "32"
    Info (12134): Parameter "LPM_WIDTHR" = "32"
    Info (12134): Parameter "LPM_WIDTHS" = "1"
    Info (12134): Parameter "LPM_REPRESENTATION" = "SIGNED"
    Info (12134): Parameter "INPUT_A_IS_CONSTANT" = "NO"
    Info (12134): Parameter "INPUT_B_IS_CONSTANT" = "NO"
    Info (12134): Parameter "MAXIMIZE_SPEED" = "5"
Info (12021): Found 1 design units, including 1 entities, in source file db/mult_h1t.tdf
    Info (12023): Found entity 1: mult_h1t
Info (16010): Generating hard_block partition "hard_block:auto_generated_inst"
    Info (16011): Adding 0 node(s), including 0 DDIO, 0 PLL, 0 transceiver and 0 LCELL
Info (21057): Implemented 703 device resources after synthesis - the final resource count might be different
    Info (21058): Implemented 12 input pins
    Info (21059): Implemented 16 output pins
    Info (21061): Implemented 641 logic cells
    Info (21064): Implemented 32 RAM segments
    Info (21062): Implemented 2 DSP elements
Info: Quartus II 32-bit Analysis & Synthesis was successful. 0 errors, 3 warnings
    Info: Peak virtual memory: 422 megabytes
    Info: Processing ended: Tue Apr 23 13:33:37 2019
    Info: Elapsed time: 00:00:11
    Info: Total CPU time (on all processors): 00:00:06


