Analysis & Synthesis report for Practica4
Mon Mar 04 10:07:29 2019
Quartus II 64-Bit Version 13.0.1 Build 232 06/12/2013 Service Pack 1 SJ Web Edition


---------------------
; Table of Contents ;
---------------------
  1. Legal Notice
  2. Analysis & Synthesis Summary
  3. Analysis & Synthesis Settings
  4. Parallel Compilation
  5. Parameter Settings for User Entity Instance: Top-level Entity: |ALU
  6. Parameter Settings for User Entity Instance: SumadorRestador16Bits:i1
  7. Parameter Settings for User Entity Instance: Multi16Sin:i2
  8. Parameter Settings for User Entity Instance: Multi16Con:i3
  9. Parameter Settings for User Entity Instance: nand_op:i4
 10. Analysis & Synthesis Messages



----------------
; Legal Notice ;
----------------
Copyright (C) 1991-2013 Altera Corporation
Your use of Altera Corporation's design tools, logic functions 
and other software and tools, and its AMPP partner logic 
functions, and any output files from any of the foregoing 
(including device programming or simulation files), and any 
associated documentation or information are expressly subject 
to the terms and conditions of the Altera Program License 
Subscription Agreement, Altera MegaCore Function License 
Agreement, or other applicable license agreement, including, 
without limitation, that your use is for the sole purpose of 
programming logic devices manufactured by Altera and sold by 
Altera or its authorized distributors.  Please refer to the 
applicable agreement for further details.



+--------------------------------------------------------------------------------------+
; Analysis & Synthesis Summary                                                         ;
+------------------------------------+-------------------------------------------------+
; Analysis & Synthesis Status        ; Failed - Mon Mar 04 10:07:29 2019               ;
; Quartus II 64-Bit Version          ; 13.0.1 Build 232 06/12/2013 SP 1 SJ Web Edition ;
; Revision Name                      ; Practica4                                       ;
; Top-level Entity Name              ; ALU                                             ;
; Family                             ; Cyclone II                                      ;
; Total logic elements               ; N/A until Partition Merge                       ;
;     Total combinational functions  ; N/A until Partition Merge                       ;
;     Dedicated logic registers      ; N/A until Partition Merge                       ;
; Total registers                    ; N/A until Partition Merge                       ;
; Total pins                         ; N/A until Partition Merge                       ;
; Total virtual pins                 ; N/A until Partition Merge                       ;
; Total memory bits                  ; N/A until Partition Merge                       ;
; Embedded Multiplier 9-bit elements ; N/A until Partition Merge                       ;
; Total PLLs                         ; N/A until Partition Merge                       ;
+------------------------------------+-------------------------------------------------+


+----------------------------------------------------------------------------------------------------------------------+
; Analysis & Synthesis Settings                                                                                        ;
+----------------------------------------------------------------------------+--------------------+--------------------+
; Option                                                                     ; Setting            ; Default Value      ;
+----------------------------------------------------------------------------+--------------------+--------------------+
; Device                                                                     ; EP2C20F484C7       ;                    ;
; Top-level entity name                                                      ; ALU                ; Practica4          ;
; Family name                                                                ; Cyclone II         ; Cyclone IV GX      ;
; Use smart compilation                                                      ; Off                ; Off                ;
; Enable parallel Assembler and TimeQuest Timing Analyzer during compilation ; On                 ; On                 ;
; Enable compact report table                                                ; Off                ; Off                ;
; Restructure Multiplexers                                                   ; Auto               ; Auto               ;
; Create Debugging Nodes for IP Cores                                        ; Off                ; Off                ;
; Preserve fewer node names                                                  ; On                 ; On                 ;
; Disable OpenCore Plus hardware evaluation                                  ; Off                ; Off                ;
; Verilog Version                                                            ; Verilog_2001       ; Verilog_2001       ;
; VHDL Version                                                               ; VHDL_1993          ; VHDL_1993          ;
; State Machine Processing                                                   ; Auto               ; Auto               ;
; Safe State Machine                                                         ; Off                ; Off                ;
; Extract Verilog State Machines                                             ; On                 ; On                 ;
; Extract VHDL State Machines                                                ; On                 ; On                 ;
; Ignore Verilog initial constructs                                          ; Off                ; Off                ;
; Iteration limit for constant Verilog loops                                 ; 5000               ; 5000               ;
; Iteration limit for non-constant Verilog loops                             ; 250                ; 250                ;
; Add Pass-Through Logic to Inferred RAMs                                    ; On                 ; On                 ;
; Infer RAMs from Raw Logic                                                  ; On                 ; On                 ;
; Parallel Synthesis                                                         ; On                 ; On                 ;
; DSP Block Balancing                                                        ; Auto               ; Auto               ;
; NOT Gate Push-Back                                                         ; On                 ; On                 ;
; Power-Up Don't Care                                                        ; On                 ; On                 ;
; Remove Redundant Logic Cells                                               ; Off                ; Off                ;
; Remove Duplicate Registers                                                 ; On                 ; On                 ;
; Ignore CARRY Buffers                                                       ; Off                ; Off                ;
; Ignore CASCADE Buffers                                                     ; Off                ; Off                ;
; Ignore GLOBAL Buffers                                                      ; Off                ; Off                ;
; Ignore ROW GLOBAL Buffers                                                  ; Off                ; Off                ;
; Ignore LCELL Buffers                                                       ; Off                ; Off                ;
; Ignore SOFT Buffers                                                        ; On                 ; On                 ;
; Limit AHDL Integers to 32 Bits                                             ; Off                ; Off                ;
; Optimization Technique                                                     ; Balanced           ; Balanced           ;
; Carry Chain Length                                                         ; 70                 ; 70                 ;
; Auto Carry Chains                                                          ; On                 ; On                 ;
; Auto Open-Drain Pins                                                       ; On                 ; On                 ;
; Perform WYSIWYG Primitive Resynthesis                                      ; Off                ; Off                ;
; Auto ROM Replacement                                                       ; On                 ; On                 ;
; Auto RAM Replacement                                                       ; On                 ; On                 ;
; Auto Shift Register Replacement                                            ; Auto               ; Auto               ;
; Allow Shift Register Merging across Hierarchies                            ; Auto               ; Auto               ;
; Auto Clock Enable Replacement                                              ; On                 ; On                 ;
; Strict RAM Replacement                                                     ; Off                ; Off                ;
; Allow Synchronous Control Signals                                          ; On                 ; On                 ;
; Force Use of Synchronous Clear Signals                                     ; Off                ; Off                ;
; Auto RAM to Logic Cell Conversion                                          ; Off                ; Off                ;
; Auto Resource Sharing                                                      ; Off                ; Off                ;
; Allow Any RAM Size For Recognition                                         ; Off                ; Off                ;
; Allow Any ROM Size For Recognition                                         ; Off                ; Off                ;
; Allow Any Shift Register Size For Recognition                              ; Off                ; Off                ;
; Use LogicLock Constraints during Resource Balancing                        ; On                 ; On                 ;
; Ignore translate_off and synthesis_off directives                          ; Off                ; Off                ;
; Timing-Driven Synthesis                                                    ; Off                ; Off                ;
; Report Parameter Settings                                                  ; On                 ; On                 ;
; Report Source Assignments                                                  ; On                 ; On                 ;
; Report Connectivity Checks                                                 ; On                 ; On                 ;
; Ignore Maximum Fan-Out Assignments                                         ; Off                ; Off                ;
; Synchronization Register Chain Length                                      ; 2                  ; 2                  ;
; PowerPlay Power Optimization                                               ; Normal compilation ; Normal compilation ;
; HDL message level                                                          ; Level2             ; Level2             ;
; Suppress Register Optimization Related Messages                            ; Off                ; Off                ;
; Number of Removed Registers Reported in Synthesis Report                   ; 5000               ; 5000               ;
; Number of Swept Nodes Reported in Synthesis Report                         ; 5000               ; 5000               ;
; Number of Inverted Registers Reported in Synthesis Report                  ; 100                ; 100                ;
; Clock MUX Protection                                                       ; On                 ; On                 ;
; Auto Gated Clock Conversion                                                ; Off                ; Off                ;
; Block Design Naming                                                        ; Auto               ; Auto               ;
; SDC constraint protection                                                  ; Off                ; Off                ;
; Synthesis Effort                                                           ; Auto               ; Auto               ;
; Shift Register Replacement - Allow Asynchronous Clear Signal               ; On                 ; On                 ;
; Pre-Mapping Resynthesis Optimization                                       ; Off                ; Off                ;
; Analysis & Synthesis Message Level                                         ; Medium             ; Medium             ;
; Disable Register Merging Across Hierarchies                                ; Auto               ; Auto               ;
; Resource Aware Inference For Block RAM                                     ; On                 ; On                 ;
; Synthesis Seed                                                             ; 1                  ; 1                  ;
+----------------------------------------------------------------------------+--------------------+--------------------+


Parallel compilation was disabled, but you have multiple processors available. Enable parallel compilation to reduce compilation time.
+-------------------------------------+
; Parallel Compilation                ;
+----------------------------+--------+
; Processors                 ; Number ;
+----------------------------+--------+
; Number detected on machine ; 4      ;
; Maximum allowed            ; 1      ;
+----------------------------+--------+


+---------------------------------------------------------------------+
; Parameter Settings for User Entity Instance: Top-level Entity: |ALU ;
+----------------+-------+--------------------------------------------+
; Parameter Name ; Value ; Type                                       ;
+----------------+-------+--------------------------------------------+
; g_data_w       ; 16    ; Signed Integer                             ;
+----------------+-------+--------------------------------------------+
Note: In order to hide this table in the UI and the text report file, please set the "Show Parameter Settings in Synthesis Report" option in "Analysis and Synthesis Settings -> More Settings" to "Off".


+-----------------------------------------------------------------------+
; Parameter Settings for User Entity Instance: SumadorRestador16Bits:i1 ;
+----------------+-------+----------------------------------------------+
; Parameter Name ; Value ; Type                                         ;
+----------------+-------+----------------------------------------------+
; g_data_w       ; 16    ; Signed Integer                               ;
+----------------+-------+----------------------------------------------+
Note: In order to hide this table in the UI and the text report file, please set the "Show Parameter Settings in Synthesis Report" option in "Analysis and Synthesis Settings -> More Settings" to "Off".


+------------------------------------------------------------+
; Parameter Settings for User Entity Instance: Multi16Sin:i2 ;
+----------------+-------+-----------------------------------+
; Parameter Name ; Value ; Type                              ;
+----------------+-------+-----------------------------------+
; g_data_w       ; 16    ; Signed Integer                    ;
+----------------+-------+-----------------------------------+
Note: In order to hide this table in the UI and the text report file, please set the "Show Parameter Settings in Synthesis Report" option in "Analysis and Synthesis Settings -> More Settings" to "Off".


+------------------------------------------------------------+
; Parameter Settings for User Entity Instance: Multi16Con:i3 ;
+----------------+-------+-----------------------------------+
; Parameter Name ; Value ; Type                              ;
+----------------+-------+-----------------------------------+
; g_data_w       ; 16    ; Signed Integer                    ;
+----------------+-------+-----------------------------------+
Note: In order to hide this table in the UI and the text report file, please set the "Show Parameter Settings in Synthesis Report" option in "Analysis and Synthesis Settings -> More Settings" to "Off".


+---------------------------------------------------------+
; Parameter Settings for User Entity Instance: nand_op:i4 ;
+----------------+-------+--------------------------------+
; Parameter Name ; Value ; Type                           ;
+----------------+-------+--------------------------------+
; g_data_w       ; 16    ; Signed Integer                 ;
+----------------+-------+--------------------------------+
Note: In order to hide this table in the UI and the text report file, please set the "Show Parameter Settings in Synthesis Report" option in "Analysis and Synthesis Settings -> More Settings" to "Off".


+-------------------------------+
; Analysis & Synthesis Messages ;
+-------------------------------+
Info: *******************************************************************
Info: Running Quartus II 64-Bit Analysis & Synthesis
    Info: Version 13.0.1 Build 232 06/12/2013 Service Pack 1 SJ Web Edition
    Info: Processing started: Mon Mar 04 10:07:28 2019
Info: Command: quartus_map --read_settings_files=on --write_settings_files=off Practica4 -c Practica4
Warning (20028): Parallel compilation is not licensed and has been disabled
Info (12021): Found 2 design units, including 1 entities, in source file multi16con.vhd
    Info (12022): Found design unit 1: Multi16Con-behavioral
    Info (12023): Found entity 1: Multi16Con
Info (12021): Found 2 design units, including 1 entities, in source file sumador1bit.vhd
    Info (12022): Found design unit 1: Sumador1Bit-behavioral
    Info (12023): Found entity 1: Sumador1Bit
Info (12021): Found 2 design units, including 1 entities, in source file sumadorrestador16bits.vhd
    Info (12022): Found design unit 1: SumadorRestador16Bits-structural
    Info (12023): Found entity 1: SumadorRestador16Bits
Info (12021): Found 2 design units, including 1 entities, in source file multi16sin.vhd
    Info (12022): Found design unit 1: Multi16Sin-behavioral
    Info (12023): Found entity 1: Multi16Sin
Info (12021): Found 2 design units, including 1 entities, in source file nand_op.vhd
    Info (12022): Found design unit 1: nand_op-behavioral
    Info (12023): Found entity 1: nand_op
Info (12021): Found 2 design units, including 1 entities, in source file alu.vhd
    Info (12022): Found design unit 1: ALU-structural
    Info (12023): Found entity 1: ALU
Info (12127): Elaborating entity "ALU" for the top level hierarchy
Warning (10541): VHDL Signal Declaration warning at ALU.vhd(11): used implicit default value for signal "z" because signal was never assigned a value or an explicit default value. Use of implicit default value may introduce unintended design optimizations.
Warning (10541): VHDL Signal Declaration warning at ALU.vhd(16): used implicit default value for signal "s_r_i" because signal was never assigned a value or an explicit default value. Use of implicit default value may introduce unintended design optimizations.
Info (12128): Elaborating entity "SumadorRestador16Bits" for hierarchy "SumadorRestador16Bits:i1"
Info (12128): Elaborating entity "Sumador1Bit" for hierarchy "SumadorRestador16Bits:i1|Sumador1Bit:\GenSum:0:i_Sumador1Bit"
Info (12128): Elaborating entity "Multi16Sin" for hierarchy "Multi16Sin:i2"
Info (12128): Elaborating entity "Multi16Con" for hierarchy "Multi16Con:i3"
Info (12128): Elaborating entity "nand_op" for hierarchy "nand_op:i4"
Error (12014): Net "ov", which fans out to "ov", cannot be assigned more than one value File: C:/Users/oleob/OneDrive - Universidad Pontificia Comillas/ICAI_2GITT/Sistemas_Digitales_2/Pract4/ALU.vhd Line: 11
    Error (12015): Net is fed by "SumadorRestador16Bits:i1|ov" File: C:/Users/oleob/OneDrive - Universidad Pontificia Comillas/ICAI_2GITT/Sistemas_Digitales_2/Pract4/SumadorRestador16Bits.vhd Line: 14
    Error (12015): Net is fed by "Multi16Sin:i2|ov" File: C:/Users/oleob/OneDrive - Universidad Pontificia Comillas/ICAI_2GITT/Sistemas_Digitales_2/Pract4/Multi16Sin.vhd Line: 11
    Error (12015): Net is fed by "Multi16Con:i3|ov" File: C:/Users/oleob/OneDrive - Universidad Pontificia Comillas/ICAI_2GITT/Sistemas_Digitales_2/Pract4/Multi16Con.vhd Line: 11
    Error (12015): Net is fed by "nand_op:i4|ov" File: C:/Users/oleob/OneDrive - Universidad Pontificia Comillas/ICAI_2GITT/Sistemas_Digitales_2/Pract4/nand_op.vhd Line: 11
Error (12014): Net "co", which fans out to "co", cannot be assigned more than one value File: C:/Users/oleob/OneDrive - Universidad Pontificia Comillas/ICAI_2GITT/Sistemas_Digitales_2/Pract4/ALU.vhd Line: 11
    Error (12015): Net is fed by "SumadorRestador16Bits:i1|co" File: C:/Users/oleob/OneDrive - Universidad Pontificia Comillas/ICAI_2GITT/Sistemas_Digitales_2/Pract4/SumadorRestador16Bits.vhd Line: 13
    Error (12015): Net is fed by "Multi16Sin:i2|co" File: C:/Users/oleob/OneDrive - Universidad Pontificia Comillas/ICAI_2GITT/Sistemas_Digitales_2/Pract4/Multi16Sin.vhd Line: 12
    Error (12015): Net is fed by "Multi16Con:i3|co" File: C:/Users/oleob/OneDrive - Universidad Pontificia Comillas/ICAI_2GITT/Sistemas_Digitales_2/Pract4/Multi16Con.vhd Line: 12
    Error (12015): Net is fed by "nand_op:i4|co" File: C:/Users/oleob/OneDrive - Universidad Pontificia Comillas/ICAI_2GITT/Sistemas_Digitales_2/Pract4/nand_op.vhd Line: 12
Error (12014): Net "res[15]", which fans out to "res[15]", cannot be assigned more than one value File: C:/Users/oleob/OneDrive - Universidad Pontificia Comillas/ICAI_2GITT/Sistemas_Digitales_2/Pract4/ALU.vhd Line: 12
    Error (12015): Net is fed by "SumadorRestador16Bits:i1|s[15]" File: C:/Users/oleob/OneDrive - Universidad Pontificia Comillas/ICAI_2GITT/Sistemas_Digitales_2/Pract4/SumadorRestador16Bits.vhd Line: 12
    Error (12015): Net is fed by "Multi16Sin:i2|p[15]" File: C:/Users/oleob/OneDrive - Universidad Pontificia Comillas/ICAI_2GITT/Sistemas_Digitales_2/Pract4/Multi16Sin.vhd Line: 10
    Error (12015): Net is fed by "Multi16Con:i3|p[15]" File: C:/Users/oleob/OneDrive - Universidad Pontificia Comillas/ICAI_2GITT/Sistemas_Digitales_2/Pract4/Multi16Con.vhd Line: 10
    Error (12015): Net is fed by "nand_op:i4|res[15]" File: C:/Users/oleob/OneDrive - Universidad Pontificia Comillas/ICAI_2GITT/Sistemas_Digitales_2/Pract4/nand_op.vhd Line: 10
Error (12014): Net "res[14]", which fans out to "res[14]", cannot be assigned more than one value File: C:/Users/oleob/OneDrive - Universidad Pontificia Comillas/ICAI_2GITT/Sistemas_Digitales_2/Pract4/ALU.vhd Line: 12
    Error (12015): Net is fed by "SumadorRestador16Bits:i1|s[14]" File: C:/Users/oleob/OneDrive - Universidad Pontificia Comillas/ICAI_2GITT/Sistemas_Digitales_2/Pract4/SumadorRestador16Bits.vhd Line: 12
    Error (12015): Net is fed by "Multi16Sin:i2|p[14]" File: C:/Users/oleob/OneDrive - Universidad Pontificia Comillas/ICAI_2GITT/Sistemas_Digitales_2/Pract4/Multi16Sin.vhd Line: 10
    Error (12015): Net is fed by "Multi16Con:i3|p[14]" File: C:/Users/oleob/OneDrive - Universidad Pontificia Comillas/ICAI_2GITT/Sistemas_Digitales_2/Pract4/Multi16Con.vhd Line: 10
    Error (12015): Net is fed by "nand_op:i4|res[14]" File: C:/Users/oleob/OneDrive - Universidad Pontificia Comillas/ICAI_2GITT/Sistemas_Digitales_2/Pract4/nand_op.vhd Line: 10
Error (12014): Net "res[13]", which fans out to "res[13]", cannot be assigned more than one value File: C:/Users/oleob/OneDrive - Universidad Pontificia Comillas/ICAI_2GITT/Sistemas_Digitales_2/Pract4/ALU.vhd Line: 12
    Error (12015): Net is fed by "SumadorRestador16Bits:i1|s[13]" File: C:/Users/oleob/OneDrive - Universidad Pontificia Comillas/ICAI_2GITT/Sistemas_Digitales_2/Pract4/SumadorRestador16Bits.vhd Line: 12
    Error (12015): Net is fed by "Multi16Sin:i2|p[13]" File: C:/Users/oleob/OneDrive - Universidad Pontificia Comillas/ICAI_2GITT/Sistemas_Digitales_2/Pract4/Multi16Sin.vhd Line: 10
    Error (12015): Net is fed by "Multi16Con:i3|p[13]" File: C:/Users/oleob/OneDrive - Universidad Pontificia Comillas/ICAI_2GITT/Sistemas_Digitales_2/Pract4/Multi16Con.vhd Line: 10
    Error (12015): Net is fed by "nand_op:i4|res[13]" File: C:/Users/oleob/OneDrive - Universidad Pontificia Comillas/ICAI_2GITT/Sistemas_Digitales_2/Pract4/nand_op.vhd Line: 10
Error (12014): Net "res[12]", which fans out to "res[12]", cannot be assigned more than one value File: C:/Users/oleob/OneDrive - Universidad Pontificia Comillas/ICAI_2GITT/Sistemas_Digitales_2/Pract4/ALU.vhd Line: 12
    Error (12015): Net is fed by "SumadorRestador16Bits:i1|s[12]" File: C:/Users/oleob/OneDrive - Universidad Pontificia Comillas/ICAI_2GITT/Sistemas_Digitales_2/Pract4/SumadorRestador16Bits.vhd Line: 12
    Error (12015): Net is fed by "Multi16Sin:i2|p[12]" File: C:/Users/oleob/OneDrive - Universidad Pontificia Comillas/ICAI_2GITT/Sistemas_Digitales_2/Pract4/Multi16Sin.vhd Line: 10
    Error (12015): Net is fed by "Multi16Con:i3|p[12]" File: C:/Users/oleob/OneDrive - Universidad Pontificia Comillas/ICAI_2GITT/Sistemas_Digitales_2/Pract4/Multi16Con.vhd Line: 10
    Error (12015): Net is fed by "nand_op:i4|res[12]" File: C:/Users/oleob/OneDrive - Universidad Pontificia Comillas/ICAI_2GITT/Sistemas_Digitales_2/Pract4/nand_op.vhd Line: 10
Error (12014): Net "res[11]", which fans out to "res[11]", cannot be assigned more than one value File: C:/Users/oleob/OneDrive - Universidad Pontificia Comillas/ICAI_2GITT/Sistemas_Digitales_2/Pract4/ALU.vhd Line: 12
    Error (12015): Net is fed by "SumadorRestador16Bits:i1|s[11]" File: C:/Users/oleob/OneDrive - Universidad Pontificia Comillas/ICAI_2GITT/Sistemas_Digitales_2/Pract4/SumadorRestador16Bits.vhd Line: 12
    Error (12015): Net is fed by "Multi16Sin:i2|p[11]" File: C:/Users/oleob/OneDrive - Universidad Pontificia Comillas/ICAI_2GITT/Sistemas_Digitales_2/Pract4/Multi16Sin.vhd Line: 10
    Error (12015): Net is fed by "Multi16Con:i3|p[11]" File: C:/Users/oleob/OneDrive - Universidad Pontificia Comillas/ICAI_2GITT/Sistemas_Digitales_2/Pract4/Multi16Con.vhd Line: 10
    Error (12015): Net is fed by "nand_op:i4|res[11]" File: C:/Users/oleob/OneDrive - Universidad Pontificia Comillas/ICAI_2GITT/Sistemas_Digitales_2/Pract4/nand_op.vhd Line: 10
Error (12014): Net "res[10]", which fans out to "res[10]", cannot be assigned more than one value File: C:/Users/oleob/OneDrive - Universidad Pontificia Comillas/ICAI_2GITT/Sistemas_Digitales_2/Pract4/ALU.vhd Line: 12
    Error (12015): Net is fed by "SumadorRestador16Bits:i1|s[10]" File: C:/Users/oleob/OneDrive - Universidad Pontificia Comillas/ICAI_2GITT/Sistemas_Digitales_2/Pract4/SumadorRestador16Bits.vhd Line: 12
    Error (12015): Net is fed by "Multi16Sin:i2|p[10]" File: C:/Users/oleob/OneDrive - Universidad Pontificia Comillas/ICAI_2GITT/Sistemas_Digitales_2/Pract4/Multi16Sin.vhd Line: 10
    Error (12015): Net is fed by "Multi16Con:i3|p[10]" File: C:/Users/oleob/OneDrive - Universidad Pontificia Comillas/ICAI_2GITT/Sistemas_Digitales_2/Pract4/Multi16Con.vhd Line: 10
    Error (12015): Net is fed by "nand_op:i4|res[10]" File: C:/Users/oleob/OneDrive - Universidad Pontificia Comillas/ICAI_2GITT/Sistemas_Digitales_2/Pract4/nand_op.vhd Line: 10
Error (12014): Net "res[9]", which fans out to "res[9]", cannot be assigned more than one value File: C:/Users/oleob/OneDrive - Universidad Pontificia Comillas/ICAI_2GITT/Sistemas_Digitales_2/Pract4/ALU.vhd Line: 12
    Error (12015): Net is fed by "SumadorRestador16Bits:i1|s[9]" File: C:/Users/oleob/OneDrive - Universidad Pontificia Comillas/ICAI_2GITT/Sistemas_Digitales_2/Pract4/SumadorRestador16Bits.vhd Line: 12
    Error (12015): Net is fed by "Multi16Sin:i2|p[9]" File: C:/Users/oleob/OneDrive - Universidad Pontificia Comillas/ICAI_2GITT/Sistemas_Digitales_2/Pract4/Multi16Sin.vhd Line: 10
    Error (12015): Net is fed by "Multi16Con:i3|p[9]" File: C:/Users/oleob/OneDrive - Universidad Pontificia Comillas/ICAI_2GITT/Sistemas_Digitales_2/Pract4/Multi16Con.vhd Line: 10
    Error (12015): Net is fed by "nand_op:i4|res[9]" File: C:/Users/oleob/OneDrive - Universidad Pontificia Comillas/ICAI_2GITT/Sistemas_Digitales_2/Pract4/nand_op.vhd Line: 10
Error (12014): Net "res[8]", which fans out to "res[8]", cannot be assigned more than one value File: C:/Users/oleob/OneDrive - Universidad Pontificia Comillas/ICAI_2GITT/Sistemas_Digitales_2/Pract4/ALU.vhd Line: 12
    Error (12015): Net is fed by "SumadorRestador16Bits:i1|s[8]" File: C:/Users/oleob/OneDrive - Universidad Pontificia Comillas/ICAI_2GITT/Sistemas_Digitales_2/Pract4/SumadorRestador16Bits.vhd Line: 12
    Error (12015): Net is fed by "Multi16Sin:i2|p[8]" File: C:/Users/oleob/OneDrive - Universidad Pontificia Comillas/ICAI_2GITT/Sistemas_Digitales_2/Pract4/Multi16Sin.vhd Line: 10
    Error (12015): Net is fed by "Multi16Con:i3|p[8]" File: C:/Users/oleob/OneDrive - Universidad Pontificia Comillas/ICAI_2GITT/Sistemas_Digitales_2/Pract4/Multi16Con.vhd Line: 10
    Error (12015): Net is fed by "nand_op:i4|res[8]" File: C:/Users/oleob/OneDrive - Universidad Pontificia Comillas/ICAI_2GITT/Sistemas_Digitales_2/Pract4/nand_op.vhd Line: 10
Error (12014): Net "res[7]", which fans out to "res[7]", cannot be assigned more than one value File: C:/Users/oleob/OneDrive - Universidad Pontificia Comillas/ICAI_2GITT/Sistemas_Digitales_2/Pract4/ALU.vhd Line: 12
    Error (12015): Net is fed by "SumadorRestador16Bits:i1|s[7]" File: C:/Users/oleob/OneDrive - Universidad Pontificia Comillas/ICAI_2GITT/Sistemas_Digitales_2/Pract4/SumadorRestador16Bits.vhd Line: 12
    Error (12015): Net is fed by "Multi16Sin:i2|p[7]" File: C:/Users/oleob/OneDrive - Universidad Pontificia Comillas/ICAI_2GITT/Sistemas_Digitales_2/Pract4/Multi16Sin.vhd Line: 10
    Error (12015): Net is fed by "Multi16Con:i3|p[7]" File: C:/Users/oleob/OneDrive - Universidad Pontificia Comillas/ICAI_2GITT/Sistemas_Digitales_2/Pract4/Multi16Con.vhd Line: 10
    Error (12015): Net is fed by "nand_op:i4|res[7]" File: C:/Users/oleob/OneDrive - Universidad Pontificia Comillas/ICAI_2GITT/Sistemas_Digitales_2/Pract4/nand_op.vhd Line: 10
Error (12014): Net "res[6]", which fans out to "res[6]", cannot be assigned more than one value File: C:/Users/oleob/OneDrive - Universidad Pontificia Comillas/ICAI_2GITT/Sistemas_Digitales_2/Pract4/ALU.vhd Line: 12
    Error (12015): Net is fed by "SumadorRestador16Bits:i1|s[6]" File: C:/Users/oleob/OneDrive - Universidad Pontificia Comillas/ICAI_2GITT/Sistemas_Digitales_2/Pract4/SumadorRestador16Bits.vhd Line: 12
    Error (12015): Net is fed by "Multi16Sin:i2|p[6]" File: C:/Users/oleob/OneDrive - Universidad Pontificia Comillas/ICAI_2GITT/Sistemas_Digitales_2/Pract4/Multi16Sin.vhd Line: 10
    Error (12015): Net is fed by "Multi16Con:i3|p[6]" File: C:/Users/oleob/OneDrive - Universidad Pontificia Comillas/ICAI_2GITT/Sistemas_Digitales_2/Pract4/Multi16Con.vhd Line: 10
    Error (12015): Net is fed by "nand_op:i4|res[6]" File: C:/Users/oleob/OneDrive - Universidad Pontificia Comillas/ICAI_2GITT/Sistemas_Digitales_2/Pract4/nand_op.vhd Line: 10
Error (12014): Net "res[5]", which fans out to "res[5]", cannot be assigned more than one value File: C:/Users/oleob/OneDrive - Universidad Pontificia Comillas/ICAI_2GITT/Sistemas_Digitales_2/Pract4/ALU.vhd Line: 12
    Error (12015): Net is fed by "SumadorRestador16Bits:i1|s[5]" File: C:/Users/oleob/OneDrive - Universidad Pontificia Comillas/ICAI_2GITT/Sistemas_Digitales_2/Pract4/SumadorRestador16Bits.vhd Line: 12
    Error (12015): Net is fed by "Multi16Sin:i2|p[5]" File: C:/Users/oleob/OneDrive - Universidad Pontificia Comillas/ICAI_2GITT/Sistemas_Digitales_2/Pract4/Multi16Sin.vhd Line: 10
    Error (12015): Net is fed by "Multi16Con:i3|p[5]" File: C:/Users/oleob/OneDrive - Universidad Pontificia Comillas/ICAI_2GITT/Sistemas_Digitales_2/Pract4/Multi16Con.vhd Line: 10
    Error (12015): Net is fed by "nand_op:i4|res[5]" File: C:/Users/oleob/OneDrive - Universidad Pontificia Comillas/ICAI_2GITT/Sistemas_Digitales_2/Pract4/nand_op.vhd Line: 10
Error (12014): Net "res[4]", which fans out to "res[4]", cannot be assigned more than one value File: C:/Users/oleob/OneDrive - Universidad Pontificia Comillas/ICAI_2GITT/Sistemas_Digitales_2/Pract4/ALU.vhd Line: 12
    Error (12015): Net is fed by "SumadorRestador16Bits:i1|s[4]" File: C:/Users/oleob/OneDrive - Universidad Pontificia Comillas/ICAI_2GITT/Sistemas_Digitales_2/Pract4/SumadorRestador16Bits.vhd Line: 12
    Error (12015): Net is fed by "Multi16Sin:i2|p[4]" File: C:/Users/oleob/OneDrive - Universidad Pontificia Comillas/ICAI_2GITT/Sistemas_Digitales_2/Pract4/Multi16Sin.vhd Line: 10
    Error (12015): Net is fed by "Multi16Con:i3|p[4]" File: C:/Users/oleob/OneDrive - Universidad Pontificia Comillas/ICAI_2GITT/Sistemas_Digitales_2/Pract4/Multi16Con.vhd Line: 10
    Error (12015): Net is fed by "nand_op:i4|res[4]" File: C:/Users/oleob/OneDrive - Universidad Pontificia Comillas/ICAI_2GITT/Sistemas_Digitales_2/Pract4/nand_op.vhd Line: 10
Error (12014): Net "res[3]", which fans out to "res[3]", cannot be assigned more than one value File: C:/Users/oleob/OneDrive - Universidad Pontificia Comillas/ICAI_2GITT/Sistemas_Digitales_2/Pract4/ALU.vhd Line: 12
    Error (12015): Net is fed by "SumadorRestador16Bits:i1|s[3]" File: C:/Users/oleob/OneDrive - Universidad Pontificia Comillas/ICAI_2GITT/Sistemas_Digitales_2/Pract4/SumadorRestador16Bits.vhd Line: 12
    Error (12015): Net is fed by "Multi16Sin:i2|p[3]" File: C:/Users/oleob/OneDrive - Universidad Pontificia Comillas/ICAI_2GITT/Sistemas_Digitales_2/Pract4/Multi16Sin.vhd Line: 10
    Error (12015): Net is fed by "Multi16Con:i3|p[3]" File: C:/Users/oleob/OneDrive - Universidad Pontificia Comillas/ICAI_2GITT/Sistemas_Digitales_2/Pract4/Multi16Con.vhd Line: 10
    Error (12015): Net is fed by "nand_op:i4|res[3]" File: C:/Users/oleob/OneDrive - Universidad Pontificia Comillas/ICAI_2GITT/Sistemas_Digitales_2/Pract4/nand_op.vhd Line: 10
Error (12014): Net "res[2]", which fans out to "res[2]", cannot be assigned more than one value File: C:/Users/oleob/OneDrive - Universidad Pontificia Comillas/ICAI_2GITT/Sistemas_Digitales_2/Pract4/ALU.vhd Line: 12
    Error (12015): Net is fed by "SumadorRestador16Bits:i1|s[2]" File: C:/Users/oleob/OneDrive - Universidad Pontificia Comillas/ICAI_2GITT/Sistemas_Digitales_2/Pract4/SumadorRestador16Bits.vhd Line: 12
    Error (12015): Net is fed by "Multi16Sin:i2|p[2]" File: C:/Users/oleob/OneDrive - Universidad Pontificia Comillas/ICAI_2GITT/Sistemas_Digitales_2/Pract4/Multi16Sin.vhd Line: 10
    Error (12015): Net is fed by "Multi16Con:i3|p[2]" File: C:/Users/oleob/OneDrive - Universidad Pontificia Comillas/ICAI_2GITT/Sistemas_Digitales_2/Pract4/Multi16Con.vhd Line: 10
    Error (12015): Net is fed by "nand_op:i4|res[2]" File: C:/Users/oleob/OneDrive - Universidad Pontificia Comillas/ICAI_2GITT/Sistemas_Digitales_2/Pract4/nand_op.vhd Line: 10
Error (12014): Net "res[1]", which fans out to "res[1]", cannot be assigned more than one value File: C:/Users/oleob/OneDrive - Universidad Pontificia Comillas/ICAI_2GITT/Sistemas_Digitales_2/Pract4/ALU.vhd Line: 12
    Error (12015): Net is fed by "SumadorRestador16Bits:i1|s[1]" File: C:/Users/oleob/OneDrive - Universidad Pontificia Comillas/ICAI_2GITT/Sistemas_Digitales_2/Pract4/SumadorRestador16Bits.vhd Line: 12
    Error (12015): Net is fed by "Multi16Sin:i2|p[1]" File: C:/Users/oleob/OneDrive - Universidad Pontificia Comillas/ICAI_2GITT/Sistemas_Digitales_2/Pract4/Multi16Sin.vhd Line: 10
    Error (12015): Net is fed by "Multi16Con:i3|p[1]" File: C:/Users/oleob/OneDrive - Universidad Pontificia Comillas/ICAI_2GITT/Sistemas_Digitales_2/Pract4/Multi16Con.vhd Line: 10
    Error (12015): Net is fed by "nand_op:i4|res[1]" File: C:/Users/oleob/OneDrive - Universidad Pontificia Comillas/ICAI_2GITT/Sistemas_Digitales_2/Pract4/nand_op.vhd Line: 10
Error (12014): Net "res[0]", which fans out to "res[0]", cannot be assigned more than one value File: C:/Users/oleob/OneDrive - Universidad Pontificia Comillas/ICAI_2GITT/Sistemas_Digitales_2/Pract4/ALU.vhd Line: 12
    Error (12015): Net is fed by "SumadorRestador16Bits:i1|s[0]" File: C:/Users/oleob/OneDrive - Universidad Pontificia Comillas/ICAI_2GITT/Sistemas_Digitales_2/Pract4/SumadorRestador16Bits.vhd Line: 12
    Error (12015): Net is fed by "Multi16Sin:i2|p[0]" File: C:/Users/oleob/OneDrive - Universidad Pontificia Comillas/ICAI_2GITT/Sistemas_Digitales_2/Pract4/Multi16Sin.vhd Line: 10
    Error (12015): Net is fed by "Multi16Con:i3|p[0]" File: C:/Users/oleob/OneDrive - Universidad Pontificia Comillas/ICAI_2GITT/Sistemas_Digitales_2/Pract4/Multi16Con.vhd Line: 10
    Error (12015): Net is fed by "nand_op:i4|res[0]" File: C:/Users/oleob/OneDrive - Universidad Pontificia Comillas/ICAI_2GITT/Sistemas_Digitales_2/Pract4/nand_op.vhd Line: 10
Error: Quartus II 64-Bit Analysis & Synthesis was unsuccessful. 90 errors, 3 warnings
    Error: Peak virtual memory: 4643 megabytes
    Error: Processing ended: Mon Mar 04 10:07:30 2019
    Error: Elapsed time: 00:00:02
    Error: Total CPU time (on all processors): 00:00:02


