Analysis & Synthesis report for Practica3
Fri Feb 15 23:01:45 2019
Quartus II 64-Bit Version 13.0.1 Build 232 06/12/2013 Service Pack 1 SJ Web Edition


---------------------
; Table of Contents ;
---------------------
  1. Legal Notice
  2. Analysis & Synthesis Summary
  3. Analysis & Synthesis Settings
  4. Parallel Compilation
  5. Analysis & Synthesis Source Files Read
  6. Analysis & Synthesis Resource Usage Summary
  7. Analysis & Synthesis Resource Utilization by Entity
  8. Analysis & Synthesis RAM Summary
  9. State Machine - |Top|ControlMux:i14|estado_act
 10. State Machine - |Top|DetectorFlanco:i10|estado_act
 11. Registers Removed During Synthesis
 12. General Register Statistics
 13. Registers Packed Into Inferred Megafunctions
 14. Multiplexer Restructuring Statistics (Restructuring Performed)
 15. Source assignments for AsciiA16Seg:i11|altsyncram:memoria_rtl_0|altsyncram_n771:auto_generated
 16. Parameter Settings for Inferred Entity Instance: AsciiA16Seg:i11|altsyncram:memoria_rtl_0
 17. altsyncram Parameter Settings by Entity Instance
 18. Elapsed Time Per Partition
 19. Analysis & Synthesis Messages



----------------
; Legal Notice ;
----------------
Copyright (C) 1991-2013 Altera Corporation
Your use of Altera Corporation's design tools, logic functions 
and other software and tools, and its AMPP partner logic 
functions, and any output files from any of the foregoing 
(including device programming or simulation files), and any 
associated documentation or information are expressly subject 
to the terms and conditions of the Altera Program License 
Subscription Agreement, Altera MegaCore Function License 
Agreement, or other applicable license agreement, including, 
without limitation, that your use is for the sole purpose of 
programming logic devices manufactured by Altera and sold by 
Altera or its authorized distributors.  Please refer to the 
applicable agreement for further details.



+--------------------------------------------------------------------------------------+
; Analysis & Synthesis Summary                                                         ;
+------------------------------------+-------------------------------------------------+
; Analysis & Synthesis Status        ; Successful - Fri Feb 15 23:01:45 2019           ;
; Quartus II 64-Bit Version          ; 13.0.1 Build 232 06/12/2013 SP 1 SJ Web Edition ;
; Revision Name                      ; Practica3                                       ;
; Top-level Entity Name              ; Top                                             ;
; Family                             ; Cyclone II                                      ;
; Total logic elements               ; 182                                             ;
;     Total combinational functions  ; 118                                             ;
;     Dedicated logic registers      ; 93                                              ;
; Total registers                    ; 93                                              ;
; Total pins                         ; 36                                              ;
; Total virtual pins                 ; 0                                               ;
; Total memory bits                  ; 4,352                                           ;
; Embedded Multiplier 9-bit elements ; 0                                               ;
; Total PLLs                         ; 0                                               ;
+------------------------------------+-------------------------------------------------+


+----------------------------------------------------------------------------------------------------------------------+
; Analysis & Synthesis Settings                                                                                        ;
+----------------------------------------------------------------------------+--------------------+--------------------+
; Option                                                                     ; Setting            ; Default Value      ;
+----------------------------------------------------------------------------+--------------------+--------------------+
; Device                                                                     ; EP2C20F484C7       ;                    ;
; Top-level entity name                                                      ; Top                ; Practica3          ;
; Family name                                                                ; Cyclone II         ; Cyclone IV GX      ;
; Use smart compilation                                                      ; Off                ; Off                ;
; Enable parallel Assembler and TimeQuest Timing Analyzer during compilation ; On                 ; On                 ;
; Enable compact report table                                                ; Off                ; Off                ;
; Restructure Multiplexers                                                   ; Auto               ; Auto               ;
; Create Debugging Nodes for IP Cores                                        ; Off                ; Off                ;
; Preserve fewer node names                                                  ; On                 ; On                 ;
; Disable OpenCore Plus hardware evaluation                                  ; Off                ; Off                ;
; Verilog Version                                                            ; Verilog_2001       ; Verilog_2001       ;
; VHDL Version                                                               ; VHDL_1993          ; VHDL_1993          ;
; State Machine Processing                                                   ; Auto               ; Auto               ;
; Safe State Machine                                                         ; Off                ; Off                ;
; Extract Verilog State Machines                                             ; On                 ; On                 ;
; Extract VHDL State Machines                                                ; On                 ; On                 ;
; Ignore Verilog initial constructs                                          ; Off                ; Off                ;
; Iteration limit for constant Verilog loops                                 ; 5000               ; 5000               ;
; Iteration limit for non-constant Verilog loops                             ; 250                ; 250                ;
; Add Pass-Through Logic to Inferred RAMs                                    ; On                 ; On                 ;
; Infer RAMs from Raw Logic                                                  ; On                 ; On                 ;
; Parallel Synthesis                                                         ; On                 ; On                 ;
; DSP Block Balancing                                                        ; Auto               ; Auto               ;
; NOT Gate Push-Back                                                         ; On                 ; On                 ;
; Power-Up Don't Care                                                        ; On                 ; On                 ;
; Remove Redundant Logic Cells                                               ; Off                ; Off                ;
; Remove Duplicate Registers                                                 ; On                 ; On                 ;
; Ignore CARRY Buffers                                                       ; Off                ; Off                ;
; Ignore CASCADE Buffers                                                     ; Off                ; Off                ;
; Ignore GLOBAL Buffers                                                      ; Off                ; Off                ;
; Ignore ROW GLOBAL Buffers                                                  ; Off                ; Off                ;
; Ignore LCELL Buffers                                                       ; Off                ; Off                ;
; Ignore SOFT Buffers                                                        ; On                 ; On                 ;
; Limit AHDL Integers to 32 Bits                                             ; Off                ; Off                ;
; Optimization Technique                                                     ; Balanced           ; Balanced           ;
; Carry Chain Length                                                         ; 70                 ; 70                 ;
; Auto Carry Chains                                                          ; On                 ; On                 ;
; Auto Open-Drain Pins                                                       ; On                 ; On                 ;
; Perform WYSIWYG Primitive Resynthesis                                      ; Off                ; Off                ;
; Auto ROM Replacement                                                       ; On                 ; On                 ;
; Auto RAM Replacement                                                       ; On                 ; On                 ;
; Auto Shift Register Replacement                                            ; Auto               ; Auto               ;
; Allow Shift Register Merging across Hierarchies                            ; Auto               ; Auto               ;
; Auto Clock Enable Replacement                                              ; On                 ; On                 ;
; Strict RAM Replacement                                                     ; Off                ; Off                ;
; Allow Synchronous Control Signals                                          ; On                 ; On                 ;
; Force Use of Synchronous Clear Signals                                     ; Off                ; Off                ;
; Auto RAM to Logic Cell Conversion                                          ; Off                ; Off                ;
; Auto Resource Sharing                                                      ; Off                ; Off                ;
; Allow Any RAM Size For Recognition                                         ; Off                ; Off                ;
; Allow Any ROM Size For Recognition                                         ; Off                ; Off                ;
; Allow Any Shift Register Size For Recognition                              ; Off                ; Off                ;
; Use LogicLock Constraints during Resource Balancing                        ; On                 ; On                 ;
; Ignore translate_off and synthesis_off directives                          ; Off                ; Off                ;
; Timing-Driven Synthesis                                                    ; Off                ; Off                ;
; Report Parameter Settings                                                  ; On                 ; On                 ;
; Report Source Assignments                                                  ; On                 ; On                 ;
; Report Connectivity Checks                                                 ; On                 ; On                 ;
; Ignore Maximum Fan-Out Assignments                                         ; Off                ; Off                ;
; Synchronization Register Chain Length                                      ; 2                  ; 2                  ;
; PowerPlay Power Optimization                                               ; Normal compilation ; Normal compilation ;
; HDL message level                                                          ; Level2             ; Level2             ;
; Suppress Register Optimization Related Messages                            ; Off                ; Off                ;
; Number of Removed Registers Reported in Synthesis Report                   ; 5000               ; 5000               ;
; Number of Swept Nodes Reported in Synthesis Report                         ; 5000               ; 5000               ;
; Number of Inverted Registers Reported in Synthesis Report                  ; 100                ; 100                ;
; Clock MUX Protection                                                       ; On                 ; On                 ;
; Auto Gated Clock Conversion                                                ; Off                ; Off                ;
; Block Design Naming                                                        ; Auto               ; Auto               ;
; SDC constraint protection                                                  ; Off                ; Off                ;
; Synthesis Effort                                                           ; Auto               ; Auto               ;
; Shift Register Replacement - Allow Asynchronous Clear Signal               ; On                 ; On                 ;
; Pre-Mapping Resynthesis Optimization                                       ; Off                ; Off                ;
; Analysis & Synthesis Message Level                                         ; Medium             ; Medium             ;
; Disable Register Merging Across Hierarchies                                ; Auto               ; Auto               ;
; Resource Aware Inference For Block RAM                                     ; On                 ; On                 ;
; Synthesis Seed                                                             ; 1                  ; 1                  ;
+----------------------------------------------------------------------------+--------------------+--------------------+


Parallel compilation was disabled, but you have multiple processors available. Enable parallel compilation to reduce compilation time.
+-------------------------------------+
; Parallel Compilation                ;
+----------------------------+--------+
; Processors                 ; Number ;
+----------------------------+--------+
; Number detected on machine ; 4      ;
; Maximum allowed            ; 1      ;
+----------------------------+--------+


+--------------------------------------------------------------------------------------------------------------------------------------------------------------------------------------------------------------------------------------------------------------------------------------+
; Analysis & Synthesis Source Files Read                                                                                                                                                                                                                                               ;
+------------------------------------------------+-----------------+-------------------------------------------------------+-------------------------------------------------------------------------------------------------------------------------------------------------+---------+
; File Name with User-Entered Path               ; Used in Netlist ; File Type                                             ; File Name with Absolute Path                                                                                                                    ; Library ;
+------------------------------------------------+-----------------+-------------------------------------------------------+-------------------------------------------------------------------------------------------------------------------------------------------------+---------+
; TemporizadorC.vhd                              ; yes             ; User VHDL File                                        ; C:/Users/oleob/OneDrive - Universidad Pontificia Comillas/ICAI_2GITT/Sistemas_Digitales_2/pract3/TemporizadorC.vhd                              ;         ;
; RegParPar.vhd                                  ; yes             ; User VHDL File                                        ; C:/Users/oleob/OneDrive - Universidad Pontificia Comillas/ICAI_2GITT/Sistemas_Digitales_2/pract3/RegParPar.vhd                                  ;         ;
; DetectorFlanco.vhd                             ; yes             ; User VHDL File                                        ; C:/Users/oleob/OneDrive - Universidad Pontificia Comillas/ICAI_2GITT/Sistemas_Digitales_2/pract3/DetectorFlanco.vhd                             ;         ;
; AsciiA16Seg.vhd                                ; yes             ; User VHDL File                                        ; C:/Users/oleob/OneDrive - Universidad Pontificia Comillas/ICAI_2GITT/Sistemas_Digitales_2/pract3/AsciiA16Seg.vhd                                ;         ;
; ControlReg.vhd                                 ; yes             ; User VHDL File                                        ; C:/Users/oleob/OneDrive - Universidad Pontificia Comillas/ICAI_2GITT/Sistemas_Digitales_2/pract3/ControlReg.vhd                                 ;         ;
; MuxReg.vhd                                     ; yes             ; User VHDL File                                        ; C:/Users/oleob/OneDrive - Universidad Pontificia Comillas/ICAI_2GITT/Sistemas_Digitales_2/pract3/MuxReg.vhd                                     ;         ;
; ControlMux.vhd                                 ; yes             ; User VHDL File                                        ; C:/Users/oleob/OneDrive - Universidad Pontificia Comillas/ICAI_2GITT/Sistemas_Digitales_2/pract3/ControlMux.vhd                                 ;         ;
; Demux.vhd                                      ; yes             ; User VHDL File                                        ; C:/Users/oleob/OneDrive - Universidad Pontificia Comillas/ICAI_2GITT/Sistemas_Digitales_2/pract3/Demux.vhd                                      ;         ;
; Top.vhd                                        ; yes             ; User VHDL File                                        ; C:/Users/oleob/OneDrive - Universidad Pontificia Comillas/ICAI_2GITT/Sistemas_Digitales_2/pract3/Top.vhd                                        ;         ;
; altsyncram.tdf                                 ; yes             ; Megafunction                                          ; c:/altera/13.0sp1/quartus/libraries/megafunctions/altsyncram.tdf                                                                                ;         ;
; stratix_ram_block.inc                          ; yes             ; Megafunction                                          ; c:/altera/13.0sp1/quartus/libraries/megafunctions/stratix_ram_block.inc                                                                         ;         ;
; lpm_mux.inc                                    ; yes             ; Megafunction                                          ; c:/altera/13.0sp1/quartus/libraries/megafunctions/lpm_mux.inc                                                                                   ;         ;
; lpm_decode.inc                                 ; yes             ; Megafunction                                          ; c:/altera/13.0sp1/quartus/libraries/megafunctions/lpm_decode.inc                                                                                ;         ;
; aglobal130.inc                                 ; yes             ; Megafunction                                          ; c:/altera/13.0sp1/quartus/libraries/megafunctions/aglobal130.inc                                                                                ;         ;
; a_rdenreg.inc                                  ; yes             ; Megafunction                                          ; c:/altera/13.0sp1/quartus/libraries/megafunctions/a_rdenreg.inc                                                                                 ;         ;
; altrom.inc                                     ; yes             ; Megafunction                                          ; c:/altera/13.0sp1/quartus/libraries/megafunctions/altrom.inc                                                                                    ;         ;
; altram.inc                                     ; yes             ; Megafunction                                          ; c:/altera/13.0sp1/quartus/libraries/megafunctions/altram.inc                                                                                    ;         ;
; altdpram.inc                                   ; yes             ; Megafunction                                          ; c:/altera/13.0sp1/quartus/libraries/megafunctions/altdpram.inc                                                                                  ;         ;
; db/altsyncram_n771.tdf                         ; yes             ; Auto-Generated Megafunction                           ; C:/Users/oleob/OneDrive - Universidad Pontificia Comillas/ICAI_2GITT/Sistemas_Digitales_2/pract3/db/altsyncram_n771.tdf                         ;         ;
; db/Practica3.ram0_AsciiA16Seg_c28836d7.hdl.mif ; yes             ; Auto-Generated Auto-Found Memory Initialization File  ; C:/Users/oleob/OneDrive - Universidad Pontificia Comillas/ICAI_2GITT/Sistemas_Digitales_2/pract3/db/Practica3.ram0_AsciiA16Seg_c28836d7.hdl.mif ;         ;
+------------------------------------------------+-----------------+-------------------------------------------------------+-------------------------------------------------------------------------------------------------------------------------------------------------+---------+


+-----------------------------------------------------+
; Analysis & Synthesis Resource Usage Summary         ;
+---------------------------------------------+-------+
; Resource                                    ; Usage ;
+---------------------------------------------+-------+
; Estimated Total logic elements              ; 182   ;
;                                             ;       ;
; Total combinational functions               ; 118   ;
; Logic element usage by number of LUT inputs ;       ;
;     -- 4 input functions                    ; 80    ;
;     -- 3 input functions                    ; 13    ;
;     -- <=2 input functions                  ; 25    ;
;                                             ;       ;
; Logic elements by mode                      ;       ;
;     -- normal mode                          ; 103   ;
;     -- arithmetic mode                      ; 15    ;
;                                             ;       ;
; Total registers                             ; 93    ;
;     -- Dedicated logic registers            ; 93    ;
;     -- I/O registers                        ; 0     ;
;                                             ;       ;
; I/O pins                                    ; 36    ;
; Total memory bits                           ; 4352  ;
; Embedded Multiplier 9-bit elements          ; 0     ;
; Maximum fan-out node                        ; clk   ;
; Maximum fan-out                             ; 110   ;
; Total fan-out                               ; 928   ;
; Average fan-out                             ; 3.52  ;
+---------------------------------------------+-------+


+-----------------------------------------------------------------------------------------------------------------------------------------------------------------------------------------------------------------------------------------------------+
; Analysis & Synthesis Resource Utilization by Entity                                                                                                                                                                                                 ;
+-------------------------------------------+-------------------+--------------+-------------+--------------+---------+-----------+------+--------------+------------------------------------------------------------------------------+--------------+
; Compilation Hierarchy Node                ; LC Combinationals ; LC Registers ; Memory Bits ; DSP Elements ; DSP 9x9 ; DSP 18x18 ; Pins ; Virtual Pins ; Full Hierarchy Name                                                          ; Library Name ;
+-------------------------------------------+-------------------+--------------+-------------+--------------+---------+-----------+------+--------------+------------------------------------------------------------------------------+--------------+
; |Top                                      ; 118 (0)           ; 93 (0)       ; 4352        ; 0            ; 0       ; 0         ; 36   ; 0            ; |Top                                                                         ; work         ;
;    |AsciiA16Seg:i11|                      ; 0 (0)             ; 0 (0)        ; 4352        ; 0            ; 0       ; 0         ; 0    ; 0            ; |Top|AsciiA16Seg:i11                                                         ; work         ;
;       |altsyncram:memoria_rtl_0|          ; 0 (0)             ; 0 (0)        ; 4352        ; 0            ; 0       ; 0         ; 0    ; 0            ; |Top|AsciiA16Seg:i11|altsyncram:memoria_rtl_0                                ; work         ;
;          |altsyncram_n771:auto_generated| ; 0 (0)             ; 0 (0)        ; 4352        ; 0            ; 0       ; 0         ; 0    ; 0            ; |Top|AsciiA16Seg:i11|altsyncram:memoria_rtl_0|altsyncram_n771:auto_generated ; work         ;
;    |ControlMux:i14|                       ; 14 (14)           ; 7 (7)        ; 0           ; 0            ; 0       ; 0         ; 0    ; 0            ; |Top|ControlMux:i14                                                          ; work         ;
;    |ControlReg:i12|                       ; 14 (14)           ; 4 (4)        ; 0           ; 0            ; 0       ; 0         ; 0    ; 0            ; |Top|ControlReg:i12                                                          ; work         ;
;    |Demux:i15|                            ; 8 (8)             ; 0 (0)        ; 0           ; 0            ; 0       ; 0         ; 0    ; 0            ; |Top|Demux:i15                                                               ; work         ;
;    |DetectorFlanco:i10|                   ; 2 (2)             ; 2 (2)        ; 0           ; 0            ; 0       ; 0         ; 0    ; 0            ; |Top|DetectorFlanco:i10                                                      ; work         ;
;    |MuxReg:i13|                           ; 43 (43)           ; 0 (0)        ; 0           ; 0            ; 0       ; 0         ; 0    ; 0            ; |Top|MuxReg:i13                                                              ; work         ;
;    |RegParPar:i2|                         ; 0 (0)             ; 8 (8)        ; 0           ; 0            ; 0       ; 0         ; 0    ; 0            ; |Top|RegParPar:i2                                                            ; work         ;
;    |RegParPar:i3|                         ; 0 (0)             ; 8 (8)        ; 0           ; 0            ; 0       ; 0         ; 0    ; 0            ; |Top|RegParPar:i3                                                            ; work         ;
;    |RegParPar:i4|                         ; 0 (0)             ; 8 (8)        ; 0           ; 0            ; 0       ; 0         ; 0    ; 0            ; |Top|RegParPar:i4                                                            ; work         ;
;    |RegParPar:i5|                         ; 0 (0)             ; 8 (8)        ; 0           ; 0            ; 0       ; 0         ; 0    ; 0            ; |Top|RegParPar:i5                                                            ; work         ;
;    |RegParPar:i6|                         ; 0 (0)             ; 8 (8)        ; 0           ; 0            ; 0       ; 0         ; 0    ; 0            ; |Top|RegParPar:i6                                                            ; work         ;
;    |RegParPar:i7|                         ; 0 (0)             ; 8 (8)        ; 0           ; 0            ; 0       ; 0         ; 0    ; 0            ; |Top|RegParPar:i7                                                            ; work         ;
;    |RegParPar:i8|                         ; 0 (0)             ; 8 (8)        ; 0           ; 0            ; 0       ; 0         ; 0    ; 0            ; |Top|RegParPar:i8                                                            ; work         ;
;    |RegParPar:i9|                         ; 0 (0)             ; 8 (8)        ; 0           ; 0            ; 0       ; 0         ; 0    ; 0            ; |Top|RegParPar:i9                                                            ; work         ;
;    |TemporizadorC:i1|                     ; 37 (37)           ; 16 (16)      ; 0           ; 0            ; 0       ; 0         ; 0    ; 0            ; |Top|TemporizadorC:i1                                                        ; work         ;
+-------------------------------------------+-------------------+--------------+-------------+--------------+---------+-----------+------+--------------+------------------------------------------------------------------------------+--------------+
Note: For table entries with two numbers listed, the numbers in parentheses indicate the number of resources of the given type used by the specific entity alone. The numbers listed outside of parentheses indicate the total resources of the given type used by the specific entity and all of its sub-entities in the hierarchy.


+----------------------------------------------------------------------------------------------------------------------------------------------------------------------------------------------------------------------+
; Analysis & Synthesis RAM Summary                                                                                                                                                                                     ;
+------------------------------------------------------------------------------------+------+------+--------------+--------------+--------------+--------------+------+------------------------------------------------+
; Name                                                                               ; Type ; Mode ; Port A Depth ; Port A Width ; Port B Depth ; Port B Width ; Size ; MIF                                            ;
+------------------------------------------------------------------------------------+------+------+--------------+--------------+--------------+--------------+------+------------------------------------------------+
; AsciiA16Seg:i11|altsyncram:memoria_rtl_0|altsyncram_n771:auto_generated|ALTSYNCRAM ; AUTO ; ROM  ; 256          ; 17           ; --           ; --           ; 4352 ; db/Practica3.ram0_AsciiA16Seg_c28836d7.hdl.mif ;
+------------------------------------------------------------------------------------+------+------+--------------+--------------+--------------+--------------+------+------------------------------------------------+


Encoding Type:  One-Hot
+----------------------------------------------------------------------------+
; State Machine - |Top|ControlMux:i14|estado_act                             ;
+-------------------+------------------+-----------------+-------------------+
; Name              ; estado_act.Final ; estado_act.Mult ; estado_act.Inicio ;
+-------------------+------------------+-----------------+-------------------+
; estado_act.Inicio ; 0                ; 0               ; 0                 ;
; estado_act.Mult   ; 0                ; 1               ; 1                 ;
; estado_act.Final  ; 1                ; 0               ; 1                 ;
+-------------------+------------------+-----------------+-------------------+


Encoding Type:  One-Hot
+-------------------------------------------------------------------------+
; State Machine - |Top|DetectorFlanco:i10|estado_act                      ;
+------------------+-----------------+------------------+-----------------+
; Name             ; estado_act.Esp1 ; estado_act.Pulso ; estado_act.Esp0 ;
+------------------+-----------------+------------------+-----------------+
; estado_act.Esp0  ; 0               ; 0                ; 0               ;
; estado_act.Pulso ; 0               ; 1                ; 1               ;
; estado_act.Esp1  ; 1               ; 0                ; 1               ;
+------------------+-----------------+------------------+-----------------+


+------------------------------------------------------------+
; Registers Removed During Synthesis                         ;
+---------------------------------------+--------------------+
; Register name                         ; Reason for Removal ;
+---------------------------------------+--------------------+
; DetectorFlanco:i10|estado_act.Esp1    ; Lost fanout        ;
; Total Number of Removed Registers = 1 ;                    ;
+---------------------------------------+--------------------+


+------------------------------------------------------+
; General Register Statistics                          ;
+----------------------------------------------+-------+
; Statistic                                    ; Value ;
+----------------------------------------------+-------+
; Total registers                              ; 93    ;
; Number of registers using Synchronous Clear  ; 0     ;
; Number of registers using Synchronous Load   ; 0     ;
; Number of registers using Asynchronous Clear ; 93    ;
; Number of registers using Asynchronous Load  ; 0     ;
; Number of registers using Clock Enable       ; 64    ;
; Number of registers using Preset             ; 0     ;
+----------------------------------------------+-------+


+-------------------------------------------------------------------+
; Registers Packed Into Inferred Megafunctions                      ;
+----------------------------+-------------------------------+------+
; Register Name              ; Megafunction                  ; Type ;
+----------------------------+-------------------------------+------+
; AsciiA16Seg:i11|s_i[0..16] ; AsciiA16Seg:i11|memoria_rtl_0 ; RAM  ;
+----------------------------+-------------------------------+------+


+-------------------------------------------------------------------------------------------------------------------------------------------------+
; Multiplexer Restructuring Statistics (Restructuring Performed)                                                                                  ;
+--------------------+-----------+---------------+----------------------+------------------------+------------+-----------------------------------+
; Multiplexer Inputs ; Bus Width ; Baseline Area ; Area if Restructured ; Saving if Restructured ; Registered ; Example Multiplexer Output        ;
+--------------------+-----------+---------------+----------------------+------------------------+------------+-----------------------------------+
; 3:1                ; 4 bits    ; 8 LEs         ; 4 LEs                ; 4 LEs                  ; Yes        ; |Top|ControlMux:i14|contador[3]   ;
; 3:1                ; 4 bits    ; 8 LEs         ; 4 LEs                ; 4 LEs                  ; Yes        ; |Top|ControlReg:i12|contador[2]   ;
; 3:1                ; 16 bits   ; 32 LEs        ; 16 LEs               ; 16 LEs                 ; Yes        ; |Top|TemporizadorC:i1|contador[0] ;
; 4:1                ; 2 bits    ; 4 LEs         ; 4 LEs                ; 0 LEs                  ; No         ; |Top|ControlMux:i14|sel[1]        ;
; 16:1               ; 8 bits    ; 80 LEs        ; 48 LEs               ; 32 LEs                 ; No         ; |Top|MuxReg:i13|Mux3              ;
; 5:1                ; 2 bits    ; 6 LEs         ; 4 LEs                ; 2 LEs                  ; No         ; |Top|DetectorFlanco:i10|Selector2 ;
; 6:1                ; 3 bits    ; 12 LEs        ; 6 LEs                ; 6 LEs                  ; No         ; |Top|ControlMux:i14|Selector0     ;
+--------------------+-----------+---------------+----------------------+------------------------+------------+-----------------------------------+


+------------------------------------------------------------------------------------------------+
; Source assignments for AsciiA16Seg:i11|altsyncram:memoria_rtl_0|altsyncram_n771:auto_generated ;
+---------------------------------+--------------------+------+----------------------------------+
; Assignment                      ; Value              ; From ; To                               ;
+---------------------------------+--------------------+------+----------------------------------+
; OPTIMIZE_POWER_DURING_SYNTHESIS ; NORMAL_COMPILATION ; -    ; -                                ;
+---------------------------------+--------------------+------+----------------------------------+


+------------------------------------------------------------------------------------------------------+
; Parameter Settings for Inferred Entity Instance: AsciiA16Seg:i11|altsyncram:memoria_rtl_0            ;
+------------------------------------+------------------------------------------------+----------------+
; Parameter Name                     ; Value                                          ; Type           ;
+------------------------------------+------------------------------------------------+----------------+
; BYTE_SIZE_BLOCK                    ; 8                                              ; Untyped        ;
; AUTO_CARRY_CHAINS                  ; ON                                             ; AUTO_CARRY     ;
; IGNORE_CARRY_BUFFERS               ; OFF                                            ; IGNORE_CARRY   ;
; AUTO_CASCADE_CHAINS                ; ON                                             ; AUTO_CASCADE   ;
; IGNORE_CASCADE_BUFFERS             ; OFF                                            ; IGNORE_CASCADE ;
; WIDTH_BYTEENA                      ; 1                                              ; Untyped        ;
; OPERATION_MODE                     ; ROM                                            ; Untyped        ;
; WIDTH_A                            ; 17                                             ; Untyped        ;
; WIDTHAD_A                          ; 8                                              ; Untyped        ;
; NUMWORDS_A                         ; 256                                            ; Untyped        ;
; OUTDATA_REG_A                      ; UNREGISTERED                                   ; Untyped        ;
; ADDRESS_ACLR_A                     ; NONE                                           ; Untyped        ;
; OUTDATA_ACLR_A                     ; NONE                                           ; Untyped        ;
; WRCONTROL_ACLR_A                   ; NONE                                           ; Untyped        ;
; INDATA_ACLR_A                      ; NONE                                           ; Untyped        ;
; BYTEENA_ACLR_A                     ; NONE                                           ; Untyped        ;
; WIDTH_B                            ; 1                                              ; Untyped        ;
; WIDTHAD_B                          ; 1                                              ; Untyped        ;
; NUMWORDS_B                         ; 1                                              ; Untyped        ;
; INDATA_REG_B                       ; CLOCK1                                         ; Untyped        ;
; WRCONTROL_WRADDRESS_REG_B          ; CLOCK1                                         ; Untyped        ;
; RDCONTROL_REG_B                    ; CLOCK1                                         ; Untyped        ;
; ADDRESS_REG_B                      ; CLOCK1                                         ; Untyped        ;
; OUTDATA_REG_B                      ; UNREGISTERED                                   ; Untyped        ;
; BYTEENA_REG_B                      ; CLOCK1                                         ; Untyped        ;
; INDATA_ACLR_B                      ; NONE                                           ; Untyped        ;
; WRCONTROL_ACLR_B                   ; NONE                                           ; Untyped        ;
; ADDRESS_ACLR_B                     ; NONE                                           ; Untyped        ;
; OUTDATA_ACLR_B                     ; NONE                                           ; Untyped        ;
; RDCONTROL_ACLR_B                   ; NONE                                           ; Untyped        ;
; BYTEENA_ACLR_B                     ; NONE                                           ; Untyped        ;
; WIDTH_BYTEENA_A                    ; 1                                              ; Untyped        ;
; WIDTH_BYTEENA_B                    ; 1                                              ; Untyped        ;
; RAM_BLOCK_TYPE                     ; AUTO                                           ; Untyped        ;
; BYTE_SIZE                          ; 8                                              ; Untyped        ;
; READ_DURING_WRITE_MODE_MIXED_PORTS ; DONT_CARE                                      ; Untyped        ;
; READ_DURING_WRITE_MODE_PORT_A      ; NEW_DATA_NO_NBE_READ                           ; Untyped        ;
; READ_DURING_WRITE_MODE_PORT_B      ; NEW_DATA_NO_NBE_READ                           ; Untyped        ;
; INIT_FILE                          ; db/Practica3.ram0_AsciiA16Seg_c28836d7.hdl.mif ; Untyped        ;
; INIT_FILE_LAYOUT                   ; PORT_A                                         ; Untyped        ;
; MAXIMUM_DEPTH                      ; 0                                              ; Untyped        ;
; CLOCK_ENABLE_INPUT_A               ; NORMAL                                         ; Untyped        ;
; CLOCK_ENABLE_INPUT_B               ; NORMAL                                         ; Untyped        ;
; CLOCK_ENABLE_OUTPUT_A              ; NORMAL                                         ; Untyped        ;
; CLOCK_ENABLE_OUTPUT_B              ; NORMAL                                         ; Untyped        ;
; CLOCK_ENABLE_CORE_A                ; USE_INPUT_CLKEN                                ; Untyped        ;
; CLOCK_ENABLE_CORE_B                ; USE_INPUT_CLKEN                                ; Untyped        ;
; ENABLE_ECC                         ; FALSE                                          ; Untyped        ;
; ECC_PIPELINE_STAGE_ENABLED         ; FALSE                                          ; Untyped        ;
; WIDTH_ECCSTATUS                    ; 3                                              ; Untyped        ;
; DEVICE_FAMILY                      ; Cyclone II                                     ; Untyped        ;
; CBXI_PARAMETER                     ; altsyncram_n771                                ; Untyped        ;
+------------------------------------+------------------------------------------------+----------------+
Note: In order to hide this table in the UI and the text report file, please set the "Show Parameter Settings in Synthesis Report" option in "Analysis and Synthesis Settings -> More Settings" to "Off".


+--------------------------------------------------------------------------------------+
; altsyncram Parameter Settings by Entity Instance                                     ;
+-------------------------------------------+------------------------------------------+
; Name                                      ; Value                                    ;
+-------------------------------------------+------------------------------------------+
; Number of entity instances                ; 1                                        ;
; Entity Instance                           ; AsciiA16Seg:i11|altsyncram:memoria_rtl_0 ;
;     -- OPERATION_MODE                     ; ROM                                      ;
;     -- WIDTH_A                            ; 17                                       ;
;     -- NUMWORDS_A                         ; 256                                      ;
;     -- OUTDATA_REG_A                      ; UNREGISTERED                             ;
;     -- WIDTH_B                            ; 1                                        ;
;     -- NUMWORDS_B                         ; 1                                        ;
;     -- ADDRESS_REG_B                      ; CLOCK1                                   ;
;     -- OUTDATA_REG_B                      ; UNREGISTERED                             ;
;     -- RAM_BLOCK_TYPE                     ; AUTO                                     ;
;     -- READ_DURING_WRITE_MODE_MIXED_PORTS ; DONT_CARE                                ;
+-------------------------------------------+------------------------------------------+


+-------------------------------+
; Elapsed Time Per Partition    ;
+----------------+--------------+
; Partition Name ; Elapsed Time ;
+----------------+--------------+
; Top            ; 00:00:01     ;
+----------------+--------------+


+-------------------------------+
; Analysis & Synthesis Messages ;
+-------------------------------+
Info: *******************************************************************
Info: Running Quartus II 64-Bit Analysis & Synthesis
    Info: Version 13.0.1 Build 232 06/12/2013 Service Pack 1 SJ Web Edition
    Info: Processing started: Fri Feb 15 23:01:40 2019
Info: Command: quartus_map --read_settings_files=on --write_settings_files=off Practica3 -c Practica3
Warning (20028): Parallel compilation is not licensed and has been disabled
Info (12021): Found 2 design units, including 1 entities, in source file temporizadorc.vhd
    Info (12022): Found design unit 1: TemporizadorC-behavioral
    Info (12023): Found entity 1: TemporizadorC
Info (12021): Found 2 design units, including 1 entities, in source file regparpar.vhd
    Info (12022): Found design unit 1: RegParPar-behavioral
    Info (12023): Found entity 1: RegParPar
Info (12021): Found 2 design units, including 1 entities, in source file detectorflanco.vhd
    Info (12022): Found design unit 1: DetectorFlanco-behavioral
    Info (12023): Found entity 1: DetectorFlanco
Info (12021): Found 2 design units, including 1 entities, in source file asciia16seg.vhd
    Info (12022): Found design unit 1: AsciiA16Seg-behavioural
    Info (12023): Found entity 1: AsciiA16Seg
Info (12021): Found 2 design units, including 1 entities, in source file controlreg.vhd
    Info (12022): Found design unit 1: ControlReg-behavioral
    Info (12023): Found entity 1: ControlReg
Info (12021): Found 2 design units, including 1 entities, in source file muxreg.vhd
    Info (12022): Found design unit 1: MuxReg-behavioral
    Info (12023): Found entity 1: MuxReg
Info (12021): Found 2 design units, including 1 entities, in source file controlmux.vhd
    Info (12022): Found design unit 1: ControlMux-behavioral
    Info (12023): Found entity 1: ControlMux
Info (12021): Found 2 design units, including 1 entities, in source file demux.vhd
    Info (12022): Found design unit 1: Demux-behavioral
    Info (12023): Found entity 1: Demux
Info (12021): Found 2 design units, including 1 entities, in source file top.vhd
    Info (12022): Found design unit 1: Top-behavioral
    Info (12023): Found entity 1: Top
Info (12127): Elaborating entity "Top" for the top level hierarchy
Info (12128): Elaborating entity "TemporizadorC" for hierarchy "TemporizadorC:i1"
Info (12128): Elaborating entity "RegParPar" for hierarchy "RegParPar:i2"
Info (12128): Elaborating entity "DetectorFlanco" for hierarchy "DetectorFlanco:i10"
Info (12128): Elaborating entity "AsciiA16Seg" for hierarchy "AsciiA16Seg:i11"
Info (12128): Elaborating entity "ControlReg" for hierarchy "ControlReg:i12"
Info (12128): Elaborating entity "MuxReg" for hierarchy "MuxReg:i13"
Info (12128): Elaborating entity "ControlMux" for hierarchy "ControlMux:i14"
Info (12128): Elaborating entity "Demux" for hierarchy "Demux:i15"
Info (19000): Inferred 1 megafunctions from design logic
    Info (276029): Inferred altsyncram megafunction from the following design logic: "AsciiA16Seg:i11|memoria_rtl_0" 
        Info (286033): Parameter OPERATION_MODE set to ROM
        Info (286033): Parameter WIDTH_A set to 17
        Info (286033): Parameter WIDTHAD_A set to 8
        Info (286033): Parameter NUMWORDS_A set to 256
        Info (286033): Parameter OUTDATA_REG_A set to UNREGISTERED
        Info (286033): Parameter ADDRESS_ACLR_A set to NONE
        Info (286033): Parameter OUTDATA_ACLR_A set to NONE
        Info (286033): Parameter INDATA_ACLR_A set to NONE
        Info (286033): Parameter WRCONTROL_ACLR_A set to NONE
        Info (286033): Parameter INIT_FILE set to db/Practica3.ram0_AsciiA16Seg_c28836d7.hdl.mif
Info (12130): Elaborated megafunction instantiation "AsciiA16Seg:i11|altsyncram:memoria_rtl_0"
Info (12133): Instantiated megafunction "AsciiA16Seg:i11|altsyncram:memoria_rtl_0" with the following parameter:
    Info (12134): Parameter "OPERATION_MODE" = "ROM"
    Info (12134): Parameter "WIDTH_A" = "17"
    Info (12134): Parameter "WIDTHAD_A" = "8"
    Info (12134): Parameter "NUMWORDS_A" = "256"
    Info (12134): Parameter "OUTDATA_REG_A" = "UNREGISTERED"
    Info (12134): Parameter "ADDRESS_ACLR_A" = "NONE"
    Info (12134): Parameter "OUTDATA_ACLR_A" = "NONE"
    Info (12134): Parameter "INDATA_ACLR_A" = "NONE"
    Info (12134): Parameter "WRCONTROL_ACLR_A" = "NONE"
    Info (12134): Parameter "INIT_FILE" = "db/Practica3.ram0_AsciiA16Seg_c28836d7.hdl.mif"
Info (12021): Found 1 design units, including 1 entities, in source file db/altsyncram_n771.tdf
    Info (12023): Found entity 1: altsyncram_n771
Info (17049): 1 registers lost all their fanouts during netlist optimizations.
Info (16010): Generating hard_block partition "hard_block:auto_generated_inst"
    Info (16011): Adding 0 node(s), including 0 DDIO, 0 PLL, 0 transceiver and 0 LCELL
Info (21057): Implemented 235 device resources after synthesis - the final resource count might be different
    Info (21058): Implemented 11 input pins
    Info (21059): Implemented 25 output pins
    Info (21061): Implemented 182 logic cells
    Info (21064): Implemented 17 RAM segments
Info: Quartus II 64-Bit Analysis & Synthesis was successful. 0 errors, 1 warning
    Info: Peak virtual memory: 4663 megabytes
    Info: Processing ended: Fri Feb 15 23:01:45 2019
    Info: Elapsed time: 00:00:05
    Info: Total CPU time (on all processors): 00:00:03


